

13:27:26	[INFO ] [ TCT_SOCKET_BRIDGE  ] PROC | Start                                
13:27:26	[INFO ] [ TCT_SOCKET_BRIDGE  ] PROC | TCT_SOCKET_BRIDGE_OPTION_CONFIG      
13:27:26	[INFO ] [ TCT_SOCKET_BRIDGE  ] PROC | Success to Client Initialization     


13:28:56	[INFO ] [ TCT_SOCKET_BRIDGE  ] PROC | Start                                
13:28:56	[INFO ] [ TCT_SOCKET_BRIDGE  ] PROC | TCT_SOCKET_BRIDGE_OPTION_CONFIG      
13:28:56	[INFO ] [ TCT_SOCKET_BRIDGE  ] PROC | Success to Client Initialization     
13:28:56	[INFO ] [ TCT_SOCKET_BRIDGE  ] PROC | ROS Node Initialized                 
13:28:56	[INFO ] [ TCT_SOCKET_BRIDGE  ] PROC | Attempting to Connect Server         -> ws://127.0.0.1:5435
13:28:56	[INFO ] [ TCT_SOCKET_BRIDGE  ] PROC | TCT_SOCKET_BRIDGE_OPTION_CONFIG      
13:28:56	[INFO ] [ TCT_SOCKET_BRIDGE  ] PROC | ROS Node Initialized                 
13:28:56	[INFO ] [ TCT_SOCKET_BRIDGE  ] PROC | Connection Established               
13:28:56	[INFO ] [ TCT_SOCKET_BRIDGE  ] PROC |                   Host               -> 127.0.0.1 
13:28:56	[INFO ] [ TCT_SOCKET_BRIDGE  ] PROC |                   Port               -> 5435      
13:28:56	[INFO ] [ TCT_SOCKET_BRIDGE  ] PROC | Message                              -> Success   
13:28:56	[INFO ] [ TCT_SOCKET_BRIDGE  ] PROC | Remote IP                            -> 127.0.0.1:5435
13:43:23	[INFO ] [ TCT_SOCKET_BRIDGE  ] PROC | End                                  
13:43:23	[INFO ] [ TCT_SOCKET_BRIDGE  ] PROC | Send Function Code                   -> SetOperationMode
13:43:23	[INFO ] [ TCT_SOCKET_BRIDGE  ] PROC | Send Data                            -> {"key_state":"stop"}
13:43:24	[INFO ] [ TCT_SOCKET_BRIDGE  ] PROC | Waiting for ASIO Thread to Finish    
13:43:24	[INFO ] [ TCT_SOCKET_BRIDGE  ] PROC | Connection Closed                    
13:43:24	[INFO ] [ TCT_SOCKET_BRIDGE  ] PROC | Close Code                           -> 1000      
13:43:24	[INFO ] [ TCT_SOCKET_BRIDGE  ] PROC | Close Reason                         -> Closing connection
13:43:24	[WARN ] [ TCT_SOCKET_BRIDGE  ] PROC | ASIO Thread Still Running, Deferring end_point Cleanup
13:43:24	[INFO ] [ TCT_SOCKET_BRIDGE  ] PROC | ASIO Thread Terminated Successfully  
13:43:24	[INFO ] [ TCT_SOCKET_BRIDGE  ] PROC | Success to Disconnection             
13:43:24	[INFO ] [ TCT_SOCKET_BRIDGE  ] PROC | ROS Node Initialized                 


13:45:56	[INFO ] [ TCT_SOCKET_BRIDGE  ] PROC | Start                                
13:45:56	[INFO ] [ TCT_SOCKET_BRIDGE  ] PROC | TCT_SOCKET_BRIDGE_OPTION_CONFIG      
13:45:56	[INFO ] [ TCT_SOCKET_BRIDGE  ] PROC | Success to Client Initialization     
13:45:56	[INFO ] [ TCT_SOCKET_BRIDGE  ] PROC | ROS Node Initialized                 
13:45:56	[INFO ] [ TCT_SOCKET_BRIDGE  ] PROC | TCT_SOCKET_BRIDGE_OPTION_CONFIG      
13:45:56	[INFO ] [ TCT_SOCKET_BRIDGE  ] PROC | Attempting to Connect Server         -> ws://127.0.0.1:5435
13:45:56	[INFO ] [ TCT_SOCKET_BRIDGE  ] PROC | Connection Established               
13:45:56	[INFO ] [ TCT_SOCKET_BRIDGE  ] PROC |                   Host               -> 127.0.0.1 
13:45:56	[INFO ] [ TCT_SOCKET_BRIDGE  ] PROC |                   Port               -> 5435      
13:45:56	[INFO ] [ TCT_SOCKET_BRIDGE  ] PROC | Message                              -> Success   
13:45:56	[INFO ] [ TCT_SOCKET_BRIDGE  ] PROC | Remote IP                            -> 127.0.0.1:5435
13:46:00	[INFO ] [ TCT_SOCKET_BRIDGE  ] PROC | End                                  
13:46:00	[INFO ] [ TCT_SOCKET_BRIDGE  ] PROC | Send Function Code                   -> SetOperationMode
13:46:00	[INFO ] [ TCT_SOCKET_BRIDGE  ] PROC | Send Data                            -> {"key_state":"stop"}
13:46:00	[INFO ] [ TCT_SOCKET_BRIDGE  ] PROC | Waiting for ASIO Thread to Finish    
13:46:00	[INFO ] [ TCT_SOCKET_BRIDGE  ] PROC | Connection Closed                    
13:46:00	[INFO ] [ TCT_SOCKET_BRIDGE  ] PROC | Close Code                           -> 1000      
13:46:00	[INFO ] [ TCT_SOCKET_BRIDGE  ] PROC | Close Reason                         -> Closing connection
13:46:00	[WARN ] [ TCT_SOCKET_BRIDGE  ] PROC | ASIO Thread Still Running, Deferring end_point Cleanup
13:46:00	[INFO ] [ TCT_SOCKET_BRIDGE  ] PROC | ASIO Thread Terminated Successfully  
13:46:00	[INFO ] [ TCT_SOCKET_BRIDGE  ] PROC | Success to Disconnection             
13:46:00	[INFO ] [ TCT_SOCKET_BRIDGE  ] PROC | ROS Node Initialized                 


13:49:57	[INFO ] [ TCT_SOCKET_BRIDGE  ] PROC | Start                                
13:49:57	[INFO ] [ TCT_SOCKET_BRIDGE  ] PROC | TCT_SOCKET_BRIDGE_OPTION_CONFIG      
13:49:57	[INFO ] [ TCT_SOCKET_BRIDGE  ] PROC | Success to Client Initialization     
13:49:57	[INFO ] [ TCT_SOCKET_BRIDGE  ] PROC | ROS Node Initialized                 
13:49:57	[INFO ] [ TCT_SOCKET_BRIDGE  ] PROC | TCT_SOCKET_BRIDGE_OPTION_CONFIG      
13:49:57	[INFO ] [ TCT_SOCKET_BRIDGE  ] PROC | Attempting to Connect Server         -> ws://127.0.0.1:5435
13:49:57	[INFO ] [ TCT_SOCKET_BRIDGE  ] PROC | Connection Established               
13:49:57	[INFO ] [ TCT_SOCKET_BRIDGE  ] PROC |                   Host               -> 127.0.0.1 
13:49:57	[INFO ] [ TCT_SOCKET_BRIDGE  ] PROC |                   Port               -> 5435      
13:49:57	[INFO ] [ TCT_SOCKET_BRIDGE  ] PROC | Message                              -> Success   
13:49:57	[INFO ] [ TCT_SOCKET_BRIDGE  ] PROC | Remote IP                            -> 127.0.0.1:5435
13:50:13	[INFO ] [ TCT_SOCKET_BRIDGE  ] PROC | End                                  
13:50:13	[INFO ] [ TCT_SOCKET_BRIDGE  ] PROC | Send Function Code                   -> SetOperationMode
13:50:13	[INFO ] [ TCT_SOCKET_BRIDGE  ] PROC | Send Data                            -> {"key_state":"stop"}
13:50:13	[INFO ] [ TCT_SOCKET_BRIDGE  ] PROC | Waiting for ASIO Thread to Finish    
13:50:13	[INFO ] [ TCT_SOCKET_BRIDGE  ] PROC | Connection Closed                    
13:50:13	[INFO ] [ TCT_SOCKET_BRIDGE  ] PROC | Close Code                           -> 1000      
13:50:13	[INFO ] [ TCT_SOCKET_BRIDGE  ] PROC | Close Reason                         -> Closing connection
13:50:13	[WARN ] [ TCT_SOCKET_BRIDGE  ] PROC | ASIO Thread Still Running, Deferring end_point Cleanup
13:50:13	[INFO ] [ TCT_SOCKET_BRIDGE  ] PROC | ASIO Thread Terminated Successfully  
13:50:13	[INFO ] [ TCT_SOCKET_BRIDGE  ] PROC | Success to Disconnection             


13:54:28	[INFO ] [ TCT_SOCKET_BRIDGE  ] PROC | Start                                
13:54:28	[INFO ] [ TCT_SOCKET_BRIDGE  ] PROC | TCT_SOCKET_BRIDGE_OPTION_CONFIG      
13:54:28	[INFO ] [ TCT_SOCKET_BRIDGE  ] PROC | Success to Client Initialization     
13:54:28	[INFO ] [ TCT_SOCKET_BRIDGE  ] PROC | ROS Node Initialized                 
13:54:28	[INFO ] [ TCT_SOCKET_BRIDGE  ] PROC | Attempting to Connect Server         -> ws://127.0.0.1:5435
13:54:28	[INFO ] [ TCT_SOCKET_BRIDGE  ] PROC | TCT_SOCKET_BRIDGE_OPTION_CONFIG      
13:54:28	[INFO ] [ TCT_SOCKET_BRIDGE  ] PROC | Connection Established               
13:54:28	[INFO ] [ TCT_SOCKET_BRIDGE  ] PROC |                   Host               -> 127.0.0.1 
13:54:28	[INFO ] [ TCT_SOCKET_BRIDGE  ] PROC |                   Port               -> 5435      
13:54:28	[INFO ] [ TCT_SOCKET_BRIDGE  ] PROC | Message                              -> Success   
13:54:28	[INFO ] [ TCT_SOCKET_BRIDGE  ] PROC | Remote IP                            -> 127.0.0.1:5435
