

15:39:19	[INFO ] [ TCT_SOCKET_BRIDGE  ] PROC | Start                                
15:39:19	[INFO ] [ TCT_SOCKET_BRIDGE  ] PROC | TCT_SOCKET_BRIDGE_OPTION_CONFIG      
15:39:19	[INFO ] [ TCT_SOCKET_BRIDGE  ] PROC | Success to Client Initialization     
15:39:19	[INFO ] [ TCT_SOCKET_BRIDGE  ] PROC | Attempting to Connect Server         -> ws://127.0.0.1:5435
15:39:19	[INFO ] [ TCT_SOCKET_BRIDGE  ] PROC | TCT_SOCKET_BRIDGE_OPTION_CONFIG      
15:39:19	[INFO ] [ TCT_SOCKET_BRIDGE  ] PROC | Connection Established               
15:39:19	[INFO ] [ TCT_SOCKET_BRIDGE  ] PROC |                   Host               -> 127.0.0.1 
15:39:19	[INFO ] [ TCT_SOCKET_BRIDGE  ] PROC |                   Port               -> 5435      
15:39:19	[INFO ] [ TCT_SOCKET_BRIDGE  ] PROC | Message                              -> Success   
15:39:19	[INFO ] [ TCT_SOCKET_BRIDGE  ] PROC | Remote IP                            -> 127.0.0.1:5435
15:39:19	[INFO ] [ TCT_SOCKET_BRIDGE  ] PROC | ROS Node Initialized                 
15:44:11	[ERROR] [ TCT_SOCKET_BRIDGE  ] PROC | Path navigation can only be started in teaching mode.
15:44:11	[INFO ] [ TCT_SOCKET_BRIDGE  ] PROC | Send Function Code                   -> StartPathNav
15:44:11	[INFO ] [ TCT_SOCKET_BRIDGE  ] PROC | Send Data                            -> {"driving_method":"OAP","driving_option":"","goal_node_name":"localization_node","is_goal_pose_a":0}
15:44:11	[WARN ] [ TCT_SOCKET_BRIDGE  ] RECV | API Failed Code                      -> -800100   
15:47:45	[ERROR] [ TCT_SOCKET_BRIDGE  ] PROC | Path navigation can only be started in teaching mode.
15:47:45	[INFO ] [ TCT_SOCKET_BRIDGE  ] PROC | Send Function Code                   -> StartPathNav
15:47:45	[INFO ] [ TCT_SOCKET_BRIDGE  ] PROC | Send Data                            -> {"driving_method":"OAP","driving_option":"","goal_node_name":"target_03","is_goal_pose_a":0}
15:53:39	[INFO ] [ TCT_SOCKET_BRIDGE  ] PROC | End                                  
15:53:39	[INFO ] [ TCT_SOCKET_BRIDGE  ] PROC | Waiting for ASIO Thread to Finish    
15:53:39	[INFO ] [ TCT_SOCKET_BRIDGE  ] PROC | Connection Closed                    
15:53:39	[INFO ] [ TCT_SOCKET_BRIDGE  ] PROC | Close Code                           -> 1000      
15:53:39	[INFO ] [ TCT_SOCKET_BRIDGE  ] PROC | Close Reason                         -> Closing connection
15:53:39	[WARN ] [ TCT_SOCKET_BRIDGE  ] PROC | ASIO Thread Still Running, Deferring end_point Cleanup
15:53:39	[INFO ] [ TCT_SOCKET_BRIDGE  ] PROC | ASIO Thread Terminated Successfully  
15:53:39	[INFO ] [ TCT_SOCKET_BRIDGE  ] PROC | Success to Disconnection             


15:54:05	[INFO ] [ TCT_SOCKET_BRIDGE  ] PROC | Start                                
15:54:05	[INFO ] [ TCT_SOCKET_BRIDGE  ] PROC | TCT_SOCKET_BRIDGE_OPTION_CONFIG      
15:54:05	[INFO ] [ TCT_SOCKET_BRIDGE  ] PROC | Success to Client Initialization     
15:54:05	[INFO ] [ TCT_SOCKET_BRIDGE  ] PROC | Attempting to Connect Server         -> ws://127.0.0.1:5435
15:54:05	[INFO ] [ TCT_SOCKET_BRIDGE  ] PROC | TCT_SOCKET_BRIDGE_OPTION_CONFIG      
15:54:05	[INFO ] [ TCT_SOCKET_BRIDGE  ] PROC |                   Host               -> 127.0.0.1 
15:54:05	[INFO ] [ TCT_SOCKET_BRIDGE  ] PROC |                   Port               -> 5435      
15:54:05	[INFO ] [ TCT_SOCKET_BRIDGE  ] PROC | Message                              -> Success   
15:54:05	[INFO ] [ TCT_SOCKET_BRIDGE  ] PROC | Remote IP                            -> 127.0.0.1:5435
15:54:05	[INFO ] [ TCT_SOCKET_BRIDGE  ] PROC | ROS Node Initialized                 
15:54:05	[INFO ] [ TCT_SOCKET_BRIDGE  ] PROC | Send Function Code                   -> SetOperationMode
15:54:05	[INFO ] [ TCT_SOCKET_BRIDGE  ] PROC | Send Data                            -> {"key_state":"stop"}
15:54:14	[ERROR] [ TCT_SOCKET_BRIDGE  ] PROC | Unknown command:                     -> manaul_mode
15:54:27	[INFO ] [ TCT_SOCKET_BRIDGE  ] PROC | Send Function Code                   -> SetOperationMode
15:54:27	[INFO ] [ TCT_SOCKET_BRIDGE  ] PROC | Send Data                            -> {"key_state":"manual"}
15:54:45	[INFO ] [ TCT_SOCKET_BRIDGE  ] PROC | End                                  
15:54:45	[INFO ] [ TCT_SOCKET_BRIDGE  ] PROC | Connection Closed                    
15:54:45	[INFO ] [ TCT_SOCKET_BRIDGE  ] PROC | Waiting for ASIO Thread to Finish    
15:54:45	[INFO ] [ TCT_SOCKET_BRIDGE  ] PROC | Close Code                           -> 1000      
15:54:45	[INFO ] [ TCT_SOCKET_BRIDGE  ] PROC | Close Reason                         -> Closing connection
15:54:45	[WARN ] [ TCT_SOCKET_BRIDGE  ] PROC | ASIO Thread Still Running, Deferring end_point Cleanup
15:54:45	[INFO ] [ TCT_SOCKET_BRIDGE  ] PROC | ASIO Thread Terminated Successfully  
15:54:45	[INFO ] [ TCT_SOCKET_BRIDGE  ] PROC | Success to Disconnection             


15:54:50	[INFO ] [ TCT_SOCKET_BRIDGE  ] PROC | Start                                
15:54:50	[INFO ] [ TCT_SOCKET_BRIDGE  ] PROC | TCT_SOCKET_BRIDGE_OPTION_CONFIG      
15:54:50	[INFO ] [ TCT_SOCKET_BRIDGE  ] PROC | Success to Client Initialization     
15:54:50	[INFO ] [ TCT_SOCKET_BRIDGE  ] PROC | Attempting to Connect Server         -> ws://127.0.0.1:5435
15:54:50	[INFO ] [ TCT_SOCKET_BRIDGE  ] PROC | TCT_SOCKET_BRIDGE_OPTION_CONFIG      
15:54:50	[INFO ] [ TCT_SOCKET_BRIDGE  ] PROC | Connection Established               
15:54:50	[INFO ] [ TCT_SOCKET_BRIDGE  ] PROC |                   Host               -> 127.0.0.1 
15:54:50	[INFO ] [ TCT_SOCKET_BRIDGE  ] PROC |                   Port               -> 5435      
15:54:50	[INFO ] [ TCT_SOCKET_BRIDGE  ] PROC | Message                              -> Success   
15:54:50	[INFO ] [ TCT_SOCKET_BRIDGE  ] PROC | Remote IP                            -> 127.0.0.1:5435
15:54:50	[INFO ] [ TCT_SOCKET_BRIDGE  ] PROC | ROS Node Initialized                 
15:54:50	[INFO ] [ TCT_SOCKET_BRIDGE  ] PROC | Send Function Code                   -> SetOperationMode
15:54:50	[INFO ] [ TCT_SOCKET_BRIDGE  ] PROC | Send Data                            -> {"key_state":"stop"}
15:55:57	[ERROR] [ TCT_SOCKET_BRIDGE  ] PROC | Unknown command:                     -> start_script
15:56:14	[ERROR] [ TCT_SOCKET_BRIDGE  ] PROC | Script navigation can only be started in auto mode.
15:56:14	[INFO ] [ TCT_SOCKET_BRIDGE  ] PROC | Send Function Code                   -> StartScript
15:56:14	[INFO ] [ TCT_SOCKET_BRIDGE  ] PROC | Send Data                            -> {"script_name":"script_01"}
15:56:14	[WARN ] [ TCT_SOCKET_BRIDGE  ] RECV | API Failed Code                      -> -200000   
15:57:16	[INFO ] [ TCT_SOCKET_BRIDGE  ] PROC | End                                  
15:57:16	[INFO ] [ TCT_SOCKET_BRIDGE  ] PROC | Waiting for ASIO Thread to Finish    
15:57:16	[INFO ] [ TCT_SOCKET_BRIDGE  ] PROC | Connection Closed                    
15:57:16	[INFO ] [ TCT_SOCKET_BRIDGE  ] PROC | Close Code                           -> 1000      
15:57:16	[INFO ] [ TCT_SOCKET_BRIDGE  ] PROC | Close Reason                         -> Closing connection
15:57:16	[WARN ] [ TCT_SOCKET_BRIDGE  ] PROC | ASIO Thread Still Running, Deferring end_point Cleanup
15:57:16	[INFO ] [ TCT_SOCKET_BRIDGE  ] PROC | ASIO Thread Terminated Successfully  
15:57:16	[INFO ] [ TCT_SOCKET_BRIDGE  ] PROC | Success to Disconnection             


15:57:32	[INFO ] [ TCT_SOCKET_BRIDGE  ] PROC | Start                                
15:57:32	[INFO ] [ TCT_SOCKET_BRIDGE  ] PROC | TCT_SOCKET_BRIDGE_OPTION_CONFIG      
15:57:32	[INFO ] [ TCT_SOCKET_BRIDGE  ] PROC | Success to Client Initialization     
15:57:32	[INFO ] [ TCT_SOCKET_BRIDGE  ] PROC | Attempting to Connect Server         -> ws://127.0.0.1:5435
15:57:32	[INFO ] [ TCT_SOCKET_BRIDGE  ] PROC | TCT_SOCKET_BRIDGE_OPTION_CONFIG      
15:57:32	[INFO ] [ TCT_SOCKET_BRIDGE  ] PROC | Connection Established               
15:57:32	[INFO ] [ TCT_SOCKET_BRIDGE  ] PROC |                   Host               -> 127.0.0.1 
15:57:32	[INFO ] [ TCT_SOCKET_BRIDGE  ] PROC |                   Port               -> 5435      
15:57:32	[INFO ] [ TCT_SOCKET_BRIDGE  ] PROC | Message                              -> Success   
15:57:32	[INFO ] [ TCT_SOCKET_BRIDGE  ] PROC | Remote IP                            -> 127.0.0.1:5435
15:57:32	[INFO ] [ TCT_SOCKET_BRIDGE  ] PROC | ROS Node Initialized                 
15:57:32	[INFO ] [ TCT_SOCKET_BRIDGE  ] PROC | Send Function Code                   -> SetOperationMode
15:57:32	[INFO ] [ TCT_SOCKET_BRIDGE  ] PROC | Send Data                            -> {"key_state":"stop"}
15:57:47	[ERROR] [ TCT_SOCKET_BRIDGE  ] PROC | Path navigation can only be started in teaching mode.
15:57:59	[INFO ] [ TCT_SOCKET_BRIDGE  ] PROC | Send Function Code                   -> SetOperationMode
15:57:59	[INFO ] [ TCT_SOCKET_BRIDGE  ] PROC | Send Data                            -> {"key_state":"manual"}
