

16:41:15	[INFO ] [ TCT_SOCKET_BRIDGE  ] PROC | Start                                
16:41:15	[INFO ] [ TCT_SOCKET_BRIDGE  ] PROC | TCT_SOCKET_BRIDGE_OPTION_CONFIG      
16:41:15	[INFO ] [ TCT_SOCKET_BRIDGE  ] PROC | Success to Client Initialization     
16:41:15	[INFO ] [ TCT_SOCKET_BRIDGE  ] PROC | TCT_SOCKET_BRIDGE_OPTION_CONFIG      
16:41:15	[INFO ] [ TCT_SOCKET_BRIDGE  ] PROC | Attempting to Connect Server         -> ws://127.0.0.1:5435
16:41:15	[INFO ] [ TCT_SOCKET_BRIDGE  ] PROC | Connection Established               
16:41:16	[INFO ] [ TCT_SOCKET_BRIDGE  ] PROC |                   Port               -> 5435      
16:41:16	[INFO ] [ TCT_SOCKET_BRIDGE  ] PROC | Message                              -> Success   
16:41:16	[INFO ] [ TCT_SOCKET_BRIDGE  ] PROC | Remote IP                            -> 127.0.0.1:5435
16:41:16	[INFO ] [ TCT_SOCKET_BRIDGE  ] PROC | ROS Node Initialized                 
16:41:33	[INFO ] [ TCT_SOCKET_BRIDGE  ] PROC | Send Function Code                   -> SetOperationMode
16:41:33	[INFO ] [ TCT_SOCKET_BRIDGE  ] PROC | Send Data                            -> {"key_state":"auto"}
16:41:50	[INFO ] [ TCT_SOCKET_BRIDGE  ] PROC | Send Function Code                   -> SetOperationMode
16:41:50	[INFO ] [ TCT_SOCKET_BRIDGE  ] PROC | Send Data                            -> {"key_state":"manual"}
16:42:24	[INFO ] [ TCT_SOCKET_BRIDGE  ] PROC | Send Function Code                   -> SwitchToTeaching
16:42:24	[INFO ] [ TCT_SOCKET_BRIDGE  ] PROC | Send Function Code                   -> StartPathNav
16:42:24	[INFO ] [ TCT_SOCKET_BRIDGE  ] PROC | Send Data                            -> {"driving_method":"OAP","driving_option":"","goal_node_name":"target_02","is_goal_pose_a":0}
16:42:24	[WARN ] [ TCT_SOCKET_BRIDGE  ] RECV | API Failed Code                      -> -800100   
16:42:43	[INFO ] [ TCT_SOCKET_BRIDGE  ] PROC | Send Function Code                   -> SwitchToTeaching
16:42:53	[INFO ] [ TCT_SOCKET_BRIDGE  ] PROC | Send Function Code                   -> StartPathNav
16:42:53	[INFO ] [ TCT_SOCKET_BRIDGE  ] PROC | Send Data                            -> {"driving_method":"OAP","driving_option":"","goal_node_name":"target_02","is_goal_pose_a":0}
16:42:53	[WARN ] [ TCT_SOCKET_BRIDGE  ] RECV | API Failed Code                      -> -800100   
16:43:44	[INFO ] [ TCT_SOCKET_BRIDGE  ] PROC | Send Function Code                   -> StartPathNav
16:43:44	[INFO ] [ TCT_SOCKET_BRIDGE  ] PROC | Send Data                            -> {"driving_method":"OAP","driving_option":"","goal_node_name":"target_03","is_goal_pose_a":0}
16:43:57	[INFO ] [ TCT_SOCKET_BRIDGE  ] PROC | End                                  
16:43:57	[INFO ] [ TCT_SOCKET_BRIDGE  ] PROC | Waiting for ASIO Thread to Finish    
16:43:57	[INFO ] [ TCT_SOCKET_BRIDGE  ] PROC | Connection Closed                    
16:43:57	[INFO ] [ TCT_SOCKET_BRIDGE  ] PROC | Close Code                           -> 1000      
16:43:57	[INFO ] [ TCT_SOCKET_BRIDGE  ] PROC | Close Reason                         -> Closing connection
16:43:57	[WARN ] [ TCT_SOCKET_BRIDGE  ] PROC | ASIO Thread Still Running, Deferring end_point Cleanup
16:43:57	[INFO ] [ TCT_SOCKET_BRIDGE  ] PROC | ASIO Thread Terminated Successfully  
16:43:57	[INFO ] [ TCT_SOCKET_BRIDGE  ] PROC | Success to Disconnection             
