

15:39:13	[INFO ] [ TCT_SOCKET_BRIDGE  ] PROC | Start                                
15:39:13	[INFO ] [ TCT_SOCKET_BRIDGE  ] PROC | TCT_SOCKET_BRIDGE_OPTION_CONFIG      
15:39:13	[INFO ] [ TCT_SOCKET_BRIDGE  ] PROC | Success to Client Initialization     
15:39:13	[INFO ] [ TCT_SOCKET_BRIDGE  ] PROC | Attempting to Connect Server         -> ws://127.0.0.1:5435
15:39:13	[INFO ] [ TCT_SOCKET_BRIDGE  ] PROC | TCT_SOCKET_BRIDGE_OPTION_CONFIG      
15:39:13	[INFO ] [ TCT_SOCKET_BRIDGE  ] PROC | Connection Established               
15:39:13	[INFO ] [ TCT_SOCKET_BRIDGE  ] PROC |                   Host               -> 127.0.0.1 
15:39:13	[INFO ] [ TCT_SOCKET_BRIDGE  ] PROC |                   Port               -> 5435      
15:39:13	[INFO ] [ TCT_SOCKET_BRIDGE  ] PROC | Message                              -> Success   
15:39:13	[INFO ] [ TCT_SOCKET_BRIDGE  ] PROC | Remote IP                            -> 127.0.0.1:5435
15:40:55	[INFO ] [ TCT_SOCKET_BRIDGE  ] PROC | End                                  
15:40:56	[INFO ] [ TCT_SOCKET_BRIDGE  ] PROC | Connection Closed                    
15:40:56	[INFO ] [ TCT_SOCKET_BRIDGE  ] PROC | Waiting for ASIO Thread to Finish    
15:40:56	[INFO ] [ TCT_SOCKET_BRIDGE  ] PROC | Close Code                           -> 1000      
15:40:56	[INFO ] [ TCT_SOCKET_BRIDGE  ] PROC | Close Reason                         -> Closing connection
15:40:56	[WARN ] [ TCT_SOCKET_BRIDGE  ] PROC | ASIO Thread Still Running, Deferring end_point Cleanup
15:40:56	[INFO ] [ TCT_SOCKET_BRIDGE  ] PROC | ASIO Thread Terminated Successfully  
15:40:56	[INFO ] [ TCT_SOCKET_BRIDGE  ] PROC | Success to Disconnection             


15:45:23	[INFO ] [ TCT_SOCKET_BRIDGE  ] PROC | Start                                
15:45:23	[INFO ] [ TCT_SOCKET_BRIDGE  ] PROC | TCT_SOCKET_BRIDGE_OPTION_CONFIG      
15:45:23	[INFO ] [ TCT_SOCKET_BRIDGE  ] PROC | Success to Client Initialization     
15:45:23	[INFO ] [ TCT_SOCKET_BRIDGE  ] PROC | Attempting to Connect Server         -> ws://127.0.0.1:5435
15:45:23	[INFO ] [ TCT_SOCKET_BRIDGE  ] PROC | TCT_SOCKET_BRIDGE_OPTION_CONFIG      
15:45:23	[INFO ] [ TCT_SOCKET_BRIDGE  ] PROC | Connection Established               
15:45:23	[INFO ] [ TCT_SOCKET_BRIDGE  ] PROC |                   Host               -> 127.0.0.1 
15:45:23	[INFO ] [ TCT_SOCKET_BRIDGE  ] PROC |                   Port               -> 5435      
15:45:23	[INFO ] [ TCT_SOCKET_BRIDGE  ] PROC | Message                              -> Success   
15:45:23	[INFO ] [ TCT_SOCKET_BRIDGE  ] PROC | Remote IP                            -> 127.0.0.1:5435
15:50:43	[INFO ] [ TCT_SOCKET_BRIDGE  ] PROC | End                                  
15:50:43	[INFO ] [ TCT_SOCKET_BRIDGE  ] PROC | Waiting for ASIO Thread to Finish    
15:50:43	[INFO ] [ TCT_SOCKET_BRIDGE  ] PROC | Connection Closed                    
15:50:43	[INFO ] [ TCT_SOCKET_BRIDGE  ] PROC | Close Code                           -> 1000      
15:50:43	[INFO ] [ TCT_SOCKET_BRIDGE  ] PROC | Close Reason                         -> Closing connection
15:50:43	[WARN ] [ TCT_SOCKET_BRIDGE  ] PROC | ASIO Thread Still Running, Deferring end_point Cleanup
15:50:43	[INFO ] [ TCT_SOCKET_BRIDGE  ] PROC | ASIO Thread Terminated Successfully  
15:50:43	[INFO ] [ TCT_SOCKET_BRIDGE  ] PROC | Success to Disconnection             


15:52:13	[INFO ] [ TCT_SOCKET_BRIDGE  ] PROC | Start                                
15:52:13	[INFO ] [ TCT_SOCKET_BRIDGE  ] PROC | TCT_SOCKET_BRIDGE_OPTION_CONFIG      
15:52:13	[INFO ] [ TCT_SOCKET_BRIDGE  ] PROC | Success to Client Initialization     
15:52:13	[INFO ] [ TCT_SOCKET_BRIDGE  ] PROC | Attempting to Connect Server         -> ws://127.0.0.1:5435
15:52:13	[INFO ] [ TCT_SOCKET_BRIDGE  ] PROC | TCT_SOCKET_BRIDGE_OPTION_CONFIG      
15:52:13	[INFO ] [ TCT_SOCKET_BRIDGE  ] PROC | Connection Established               
15:52:13	[INFO ] [ TCT_SOCKET_BRIDGE  ] PROC |                   Host               -> 127.0.0.1 
15:52:13	[INFO ] [ TCT_SOCKET_BRIDGE  ] PROC |                   Port               -> 5435      
15:52:13	[INFO ] [ TCT_SOCKET_BRIDGE  ] PROC | Message                              -> Success   
15:52:13	[INFO ] [ TCT_SOCKET_BRIDGE  ] PROC | Remote IP                            -> 127.0.0.1:5435
15:58:06	[INFO ] [ TCT_SOCKET_BRIDGE  ] PROC | End                                  
15:58:06	[INFO ] [ TCT_SOCKET_BRIDGE  ] PROC | Waiting for ASIO Thread to Finish    
15:58:06	[INFO ] [ TCT_SOCKET_BRIDGE  ] PROC | Connection Closed                    
15:58:06	[INFO ] [ TCT_SOCKET_BRIDGE  ] PROC | Close Code                           -> 1000      
15:58:06	[INFO ] [ TCT_SOCKET_BRIDGE  ] PROC | Close Reason                         -> Closing connection
15:58:06	[WARN ] [ TCT_SOCKET_BRIDGE  ] PROC | ASIO Thread Still Running, Deferring end_point Cleanup
15:58:06	[INFO ] [ TCT_SOCKET_BRIDGE  ] PROC | ASIO Thread Terminated Successfully  
15:58:06	[INFO ] [ TCT_SOCKET_BRIDGE  ] PROC | Success to Disconnection             


15:58:17	[INFO ] [ TCT_SOCKET_BRIDGE  ] PROC | Start                                
15:58:17	[INFO ] [ TCT_SOCKET_BRIDGE  ] PROC | TCT_SOCKET_BRIDGE_OPTION_CONFIG      
15:58:17	[INFO ] [ TCT_SOCKET_BRIDGE  ] PROC | Success to Client Initialization     
15:58:17	[INFO ] [ TCT_SOCKET_BRIDGE  ] PROC | Attempting to Connect Server         -> ws://127.0.0.1:5435
15:58:17	[INFO ] [ TCT_SOCKET_BRIDGE  ] PROC | TCT_SOCKET_BRIDGE_OPTION_CONFIG      
15:58:17	[INFO ] [ TCT_SOCKET_BRIDGE  ] PROC | Connection Established               
15:58:17	[INFO ] [ TCT_SOCKET_BRIDGE  ] PROC |                   Host               -> 127.0.0.1 
15:58:17	[INFO ] [ TCT_SOCKET_BRIDGE  ] PROC |                   Port               -> 5435      
15:58:17	[INFO ] [ TCT_SOCKET_BRIDGE  ] PROC | Message                              -> Success   
15:58:17	[INFO ] [ TCT_SOCKET_BRIDGE  ] PROC | Remote IP                            -> 127.0.0.1:5435
15:58:23	[INFO ] [ TCT_SOCKET_BRIDGE  ] HW   | EMS 버튼 상태                    -> 꺼짐    
15:58:23	[INFO ] [ TCT_SOCKET_BRIDGE  ] HW   | 하드웨어 키 모드              -> 알 수 없음
15:58:23	[INFO ] [ TCT_SOCKET_BRIDGE  ] HW   | robot_hw_switch_reset_status         -> 알 수 없음
15:58:23	[INFO ] [ TCT_SOCKET_BRIDGE  ] HW   | robot_hw_switch_start_stop_status    -> 알 수 없음
15:58:23	[INFO ] [ TCT_SOCKET_BRIDGE  ] HW   | 배터리 충전 상태              -> 알 수 없음
15:58:23	[INFO ] [ TCT_SOCKET_BRIDGE  ] HW   | 전방 뎁스 카메라              -> 알 수 없음
15:58:23	[INFO ] [ TCT_SOCKET_BRIDGE  ] HW   | 후방 뎁스 카메라              -> 알 수 없음
15:58:23	[INFO ] [ TCT_SOCKET_BRIDGE  ] HW   | IMU 센서                           -> 안정    
15:58:23	[INFO ] [ TCT_SOCKET_BRIDGE  ] HW   | 3D 라이다                         -> 안정    
15:58:23	[INFO ] [ TCT_SOCKET_BRIDGE  ] HW   | 전방 2D 라이다                  -> 안정    
15:58:23	[INFO ] [ TCT_SOCKET_BRIDGE  ] HW   | 후방 2D 라이다                  -> 안정    
15:58:23	[INFO ] [ TCT_SOCKET_BRIDGE  ] HW   | 모터 드라이버                  -> 안정    
15:58:23	[INFO ] [ TCT_SOCKET_BRIDGE  ] HW   | TOF 센서                           -> 알 수 없음
15:58:53	[INFO ] [ TCT_SOCKET_BRIDGE  ] HW   | EMS 버튼 상태                    -> 꺼짐    
15:58:53	[INFO ] [ TCT_SOCKET_BRIDGE  ] HW   | 하드웨어 키 모드              -> 알 수 없음
15:58:53	[INFO ] [ TCT_SOCKET_BRIDGE  ] HW   | robot_hw_switch_reset_status         -> 알 수 없음
15:58:53	[INFO ] [ TCT_SOCKET_BRIDGE  ] HW   | robot_hw_switch_start_stop_status    -> 알 수 없음
15:58:53	[INFO ] [ TCT_SOCKET_BRIDGE  ] HW   | 배터리 충전 상태              -> 알 수 없음
15:58:53	[INFO ] [ TCT_SOCKET_BRIDGE  ] HW   | 전방 뎁스 카메라              -> 알 수 없음
15:58:53	[INFO ] [ TCT_SOCKET_BRIDGE  ] HW   | 후방 뎁스 카메라              -> 알 수 없음
15:58:53	[INFO ] [ TCT_SOCKET_BRIDGE  ] HW   | IMU 센서                           -> 안정    
15:58:53	[INFO ] [ TCT_SOCKET_BRIDGE  ] HW   | 3D 라이다                         -> 안정    
15:58:53	[INFO ] [ TCT_SOCKET_BRIDGE  ] HW   | 전방 2D 라이다                  -> 안정    
15:58:53	[INFO ] [ TCT_SOCKET_BRIDGE  ] HW   | 후방 2D 라이다                  -> 안정    
15:58:53	[INFO ] [ TCT_SOCKET_BRIDGE  ] HW   | 모터 드라이버                  -> 안정    
15:58:53	[INFO ] [ TCT_SOCKET_BRIDGE  ] HW   | TOF 센서                           -> 알 수 없음
15:59:15	[INFO ] [ TCT_SOCKET_BRIDGE  ] HW   | EMS 버튼 상태                    -> 켜짐    
15:59:15	[INFO ] [ TCT_SOCKET_BRIDGE  ] HW   | 하드웨어 키 모드              -> 알 수 없음
15:59:15	[INFO ] [ TCT_SOCKET_BRIDGE  ] HW   | robot_hw_switch_reset_status         -> 알 수 없음
15:59:15	[INFO ] [ TCT_SOCKET_BRIDGE  ] HW   | robot_hw_switch_start_stop_status    -> 알 수 없음
15:59:15	[INFO ] [ TCT_SOCKET_BRIDGE  ] HW   | 배터리 충전 상태              -> 알 수 없음
15:59:15	[INFO ] [ TCT_SOCKET_BRIDGE  ] HW   | 전방 뎁스 카메라              -> 알 수 없음
15:59:15	[INFO ] [ TCT_SOCKET_BRIDGE  ] HW   | 후방 뎁스 카메라              -> 알 수 없음
15:59:15	[INFO ] [ TCT_SOCKET_BRIDGE  ] HW   | IMU 센서                           -> 안정    
15:59:15	[INFO ] [ TCT_SOCKET_BRIDGE  ] HW   | 3D 라이다                         -> 안정    
15:59:15	[INFO ] [ TCT_SOCKET_BRIDGE  ] HW   | 전방 2D 라이다                  -> 안정    
15:59:15	[INFO ] [ TCT_SOCKET_BRIDGE  ] HW   | 후방 2D 라이다                  -> 안정    
15:59:15	[INFO ] [ TCT_SOCKET_BRIDGE  ] HW   | 모터 드라이버                  -> 안정    
15:59:15	[INFO ] [ TCT_SOCKET_BRIDGE  ] HW   | TOF 센서                           -> 알 수 없음
