16:02:14	[INFO ] [ TCT_SOCKET_BRIDGE  ] PROC | End                                  
16:02:15	[INFO ] [ TCT_SOCKET_BRIDGE  ] PROC | Connection Closed                    
16:02:15	[INFO ] [ TCT_SOCKET_BRIDGE  ] PROC | Close Code                           -> 1000      
16:02:15	[INFO ] [ TCT_SOCKET_BRIDGE  ] PROC | Close Reason                         -> Closing connection
16:02:15	[WARN ] [ TCT_SOCKET_BRIDGE  ] PROC | ASIO Thread Still Running, Deferring end_point Cleanup
16:02:15	[INFO ] [ TCT_SOCKET_BRIDGE  ] PROC | Waiting for ASIO Thread to Finish    
16:02:15	[INFO ] [ TCT_SOCKET_BRIDGE  ] PROC | ASIO Thread Terminated Successfully  
16:02:15	[INFO ] [ TCT_SOCKET_BRIDGE  ] PROC | Success to Disconnection             


16:02:33	[INFO ] [ TCT_SOCKET_BRIDGE  ] PROC | Start                                
16:02:33	[INFO ] [ TCT_SOCKET_BRIDGE  ] PROC | TCT_SOCKET_BRIDGE_OPTION_CONFIG      
16:02:33	[INFO ] [ TCT_SOCKET_BRIDGE  ] PROC | Success to Client Initialization     
16:02:33	[INFO ] [ TCT_SOCKET_BRIDGE  ] PROC | Attempting to Connect Server         -> ws://127.0.0.1:5435
16:02:33	[INFO ] [ TCT_SOCKET_BRIDGE  ] PROC | TCT_SOCKET_BRIDGE_OPTION_CONFIG      
16:02:33	[INFO ] [ TCT_SOCKET_BRIDGE  ] PROC | Connection Established               
16:02:33	[INFO ] [ TCT_SOCKET_BRIDGE  ] PROC |                   Host               -> 127.0.0.1 
16:02:33	[INFO ] [ TCT_SOCKET_BRIDGE  ] PROC |                   Port               -> 5435      
16:02:33	[INFO ] [ TCT_SOCKET_BRIDGE  ] PROC | Message                              -> Success   
16:02:33	[INFO ] [ TCT_SOCKET_BRIDGE  ] PROC | Remote IP                            -> 127.0.0.1:5435
16:02:42	[INFO ] [ TCT_SOCKET_BRIDGE  ] HW   | robot_hw_switch_ems_status           -> ON        
16:02:42	[INFO ] [ TCT_SOCKET_BRIDGE  ] HW   | robot_hw_switch_key_status           -> UNKNOWN   
16:02:42	[INFO ] [ TCT_SOCKET_BRIDGE  ] HW   | robot_hw_switch_reset_status         -> UNKNOWN   
16:02:42	[INFO ] [ TCT_SOCKET_BRIDGE  ] HW   | robot_hw_switch_start_stop_status    -> UNKNOWN   
16:02:42	[INFO ] [ TCT_SOCKET_BRIDGE  ] HW   | robot_is_charging_status             -> UNKNOWN   
16:02:42	[INFO ] [ TCT_SOCKET_BRIDGE  ] HW   | robot_is_sensor_stable_depth_front   -> UNKNOWN   
16:02:42	[INFO ] [ TCT_SOCKET_BRIDGE  ] HW   | robot_is_sensor_stable_depth_rear    -> UNKNOWN   
16:02:42	[INFO ] [ TCT_SOCKET_BRIDGE  ] HW   | robot_is_sensor_stable_imu           -> STABLE    
16:02:42	[INFO ] [ TCT_SOCKET_BRIDGE  ] HW   | robot_is_sensor_stable_lidar_3d      -> STABLE    
16:02:42	[INFO ] [ TCT_SOCKET_BRIDGE  ] HW   | robot_is_sensor_stable_lidar_front   -> STABLE    
16:02:42	[INFO ] [ TCT_SOCKET_BRIDGE  ] HW   | robot_is_sensor_stable_lidar_rear    -> STABLE    
16:02:42	[INFO ] [ TCT_SOCKET_BRIDGE  ] HW   | robot_is_sensor_stable_motor         -> STABLE    
16:02:42	[INFO ] [ TCT_SOCKET_BRIDGE  ] HW   | robot_is_sensor_stable_tof           -> UNKNOWN   
16:03:00	[INFO ] [ TCT_SOCKET_BRIDGE  ] HW   | robot_hw_switch_ems_status           -> OFF       
16:03:00	[INFO ] [ TCT_SOCKET_BRIDGE  ] HW   | robot_hw_switch_key_status           -> UNKNOWN   
16:03:00	[INFO ] [ TCT_SOCKET_BRIDGE  ] HW   | robot_hw_switch_reset_status         -> UNKNOWN   
16:03:00	[INFO ] [ TCT_SOCKET_BRIDGE  ] HW   | robot_hw_switch_start_stop_status    -> UNKNOWN   
16:03:00	[INFO ] [ TCT_SOCKET_BRIDGE  ] HW   | robot_is_charging_status             -> UNKNOWN   
16:03:00	[INFO ] [ TCT_SOCKET_BRIDGE  ] HW   | robot_is_sensor_stable_depth_front   -> UNKNOWN   
16:03:00	[INFO ] [ TCT_SOCKET_BRIDGE  ] HW   | robot_is_sensor_stable_depth_rear    -> UNKNOWN   
16:03:00	[INFO ] [ TCT_SOCKET_BRIDGE  ] HW   | robot_is_sensor_stable_imu           -> STABLE    
16:03:00	[INFO ] [ TCT_SOCKET_BRIDGE  ] HW   | robot_is_sensor_stable_lidar_3d      -> STABLE    
16:03:00	[INFO ] [ TCT_SOCKET_BRIDGE  ] HW   | robot_is_sensor_stable_lidar_front   -> STABLE    
16:03:00	[INFO ] [ TCT_SOCKET_BRIDGE  ] HW   | robot_is_sensor_stable_lidar_rear    -> STABLE    
16:03:00	[INFO ] [ TCT_SOCKET_BRIDGE  ] HW   | robot_is_sensor_stable_motor         -> STABLE    
16:03:00	[INFO ] [ TCT_SOCKET_BRIDGE  ] HW   | robot_is_sensor_stable_tof           -> UNKNOWN   
16:03:14	[INFO ] [ TCT_SOCKET_BRIDGE  ] HW   | robot_hw_switch_ems_status           -> ON        
16:03:14	[INFO ] [ TCT_SOCKET_BRIDGE  ] HW   | robot_hw_switch_key_status           -> UNKNOWN   
16:03:14	[INFO ] [ TCT_SOCKET_BRIDGE  ] HW   | robot_hw_switch_reset_status         -> UNKNOWN   
16:03:14	[INFO ] [ TCT_SOCKET_BRIDGE  ] HW   | robot_hw_switch_start_stop_status    -> UNKNOWN   
16:03:14	[INFO ] [ TCT_SOCKET_BRIDGE  ] HW   | robot_is_charging_status             -> UNKNOWN   
16:03:14	[INFO ] [ TCT_SOCKET_BRIDGE  ] HW   | robot_is_sensor_stable_depth_front   -> UNKNOWN   
16:03:14	[INFO ] [ TCT_SOCKET_BRIDGE  ] HW   | robot_is_sensor_stable_depth_rear    -> UNKNOWN   
16:03:14	[INFO ] [ TCT_SOCKET_BRIDGE  ] HW   | robot_is_sensor_stable_imu           -> STABLE    
16:03:14	[INFO ] [ TCT_SOCKET_BRIDGE  ] HW   | robot_is_sensor_stable_lidar_3d      -> STABLE    
16:03:14	[INFO ] [ TCT_SOCKET_BRIDGE  ] HW   | robot_is_sensor_stable_lidar_front   -> STABLE    
16:03:14	[INFO ] [ TCT_SOCKET_BRIDGE  ] HW   | robot_is_sensor_stable_lidar_rear    -> STABLE    
16:03:14	[INFO ] [ TCT_SOCKET_BRIDGE  ] HW   | robot_is_sensor_stable_motor         -> STABLE    
16:03:14	[INFO ] [ TCT_SOCKET_BRIDGE  ] HW   | robot_is_sensor_stable_tof           -> UNKNOWN   
16:07:51	[INFO ] [ TCT_SOCKET_BRIDGE  ] PROC | End                                  
16:07:51	[INFO ] [ TCT_SOCKET_BRIDGE  ] PROC | Waiting for ASIO Thread to Finish    
16:07:51	[INFO ] [ TCT_SOCKET_BRIDGE  ] PROC | Connection Closed                    
16:07:51	[INFO ] [ TCT_SOCKET_BRIDGE  ] PROC | Close Code                           -> 1000      
16:07:51	[INFO ] [ TCT_SOCKET_BRIDGE  ] PROC | Close Reason                         -> Closing connection
16:07:51	[WARN ] [ TCT_SOCKET_BRIDGE  ] PROC | ASIO Thread Still Running, Deferring end_point Cleanup
16:07:51	[INFO ] [ TCT_SOCKET_BRIDGE  ] PROC | ASIO Thread Terminated Successfully  
16:07:51	[INFO ] [ TCT_SOCKET_BRIDGE  ] PROC | Success to Disconnection             
