15:13:35	[INFO ] [ TCT_SOCKET_BRIDGE  ] PROC | End                                  
15:13:36	[INFO ] [ TCT_SOCKET_BRIDGE  ] PROC | Waiting for ASIO Thread to Finish    
15:13:36	[INFO ] [ TCT_SOCKET_BRIDGE  ] PROC | Connection Closed                    
15:13:36	[INFO ] [ TCT_SOCKET_BRIDGE  ] PROC | Close Code                           -> 1000      
15:13:36	[INFO ] [ TCT_SOCKET_BRIDGE  ] PROC | Close Reason                         -> Closing connection
15:13:36	[WARN ] [ TCT_SOCKET_BRIDGE  ] PROC | ASIO Thread Still Running, Deferring end_point Cleanup
15:13:36	[INFO ] [ TCT_SOCKET_BRIDGE  ] PROC | ASIO Thread Terminated Successfully  
15:13:36	[INFO ] [ TCT_SOCKET_BRIDGE  ] PROC | Success to Disconnection             


15:26:36	[INFO ] [ TCT_SOCKET_BRIDGE  ] PROC | Start                                
15:26:36	[INFO ] [ TCT_SOCKET_BRIDGE  ] PROC | TCT_SOCKET_BRIDGE_OPTION_CONFIG      
15:26:36	[INFO ] [ TCT_SOCKET_BRIDGE  ] PROC | Success to Client Initialization     
15:26:36	[INFO ] [ TCT_SOCKET_BRIDGE  ] PROC | TCT_SOCKET_BRIDGE_OPTION_CONFIG      
15:26:36	[INFO ] [ TCT_SOCKET_BRIDGE  ] PROC | Attempting to Connect Server         -> ws://127.0.0.1:5435
15:26:36	[INFO ] [ TCT_SOCKET_BRIDGE  ] PROC | Connection Established               
15:26:36	[INFO ] [ TCT_SOCKET_BRIDGE  ] PROC |                   Host               -> 127.0.0.1 
15:26:36	[INFO ] [ TCT_SOCKET_BRIDGE  ] PROC |                   Port               -> 5435      
15:26:36	[INFO ] [ TCT_SOCKET_BRIDGE  ] PROC | Message                              -> Success   
15:26:36	[INFO ] [ TCT_SOCKET_BRIDGE  ] PROC | Remote IP                            -> 127.0.0.1:5435
15:26:44	[INFO ] [ TCT_SOCKET_BRIDGE  ] HW   | robot_hw_switch_ems_status           -> ON        
15:26:44	[INFO ] [ TCT_SOCKET_BRIDGE  ] HW   | robot_hw_switch_key_status           -> UNKNOWN   
15:26:44	[INFO ] [ TCT_SOCKET_BRIDGE  ] HW   | robot_hw_switch_reset_status         -> UNKNOWN   
15:26:44	[INFO ] [ TCT_SOCKET_BRIDGE  ] HW   | robot_hw_switch_start_stop_status    -> UNKNOWN   
15:26:44	[INFO ] [ TCT_SOCKET_BRIDGE  ] HW   | robot_is_sensor_stable_depth_front   -> UNKNOWN   
15:26:44	[INFO ] [ TCT_SOCKET_BRIDGE  ] HW   | robot_is_sensor_stable_depth_rear    -> UNKNOWN   
15:26:44	[INFO ] [ TCT_SOCKET_BRIDGE  ] HW   | robot_is_sensor_stable_imu           -> STABLE    
15:26:44	[INFO ] [ TCT_SOCKET_BRIDGE  ] HW   | robot_is_sensor_stable_lidar_3d      -> STABLE    
15:26:44	[INFO ] [ TCT_SOCKET_BRIDGE  ] HW   | robot_is_sensor_stable_lidar_front   -> STABLE    
15:26:44	[INFO ] [ TCT_SOCKET_BRIDGE  ] HW   | robot_is_sensor_stable_lidar_rear    -> STABLE    
15:26:44	[INFO ] [ TCT_SOCKET_BRIDGE  ] HW   | robot_is_sensor_stable_motor         -> STABLE    
15:26:44	[INFO ] [ TCT_SOCKET_BRIDGE  ] HW   | robot_is_sensor_stable_tof           -> UNKNOWN   
15:27:44	[INFO ] [ TCT_SOCKET_BRIDGE  ] HW   | robot_hw_switch_ems_status           -> ON        
15:27:44	[INFO ] [ TCT_SOCKET_BRIDGE  ] HW   | robot_hw_switch_key_status           -> UNKNOWN   
15:27:44	[INFO ] [ TCT_SOCKET_BRIDGE  ] HW   | robot_hw_switch_reset_status         -> UNKNOWN   
15:27:44	[INFO ] [ TCT_SOCKET_BRIDGE  ] HW   | robot_hw_switch_start_stop_status    -> UNKNOWN   
15:27:44	[INFO ] [ TCT_SOCKET_BRIDGE  ] HW   | robot_is_charging_status             -> OFF       
15:27:44	[INFO ] [ TCT_SOCKET_BRIDGE  ] HW   | robot_is_sensor_stable_depth_front   -> UNKNOWN   
15:27:44	[INFO ] [ TCT_SOCKET_BRIDGE  ] HW   | robot_is_sensor_stable_depth_rear    -> UNKNOWN   
15:27:44	[INFO ] [ TCT_SOCKET_BRIDGE  ] HW   | robot_is_sensor_stable_imu           -> STABLE    
15:27:44	[INFO ] [ TCT_SOCKET_BRIDGE  ] HW   | robot_is_sensor_stable_lidar_3d      -> STABLE    
15:27:44	[INFO ] [ TCT_SOCKET_BRIDGE  ] HW   | robot_is_sensor_stable_lidar_front   -> STABLE    
15:27:44	[INFO ] [ TCT_SOCKET_BRIDGE  ] HW   | robot_is_sensor_stable_lidar_rear    -> STABLE    
15:27:44	[INFO ] [ TCT_SOCKET_BRIDGE  ] HW   | robot_is_sensor_stable_motor         -> STABLE    
15:27:44	[INFO ] [ TCT_SOCKET_BRIDGE  ] HW   | robot_is_sensor_stable_tof           -> UNKNOWN   
15:41:42	[INFO ] [ TCT_SOCKET_BRIDGE  ] PROC | End                                  
15:41:42	[INFO ] [ TCT_SOCKET_BRIDGE  ] PROC | Connection Closed                    
15:41:42	[INFO ] [ TCT_SOCKET_BRIDGE  ] PROC | Waiting for ASIO Thread to Finish    
15:41:42	[INFO ] [ TCT_SOCKET_BRIDGE  ] PROC | Close Code                           -> 1000      
15:41:42	[INFO ] [ TCT_SOCKET_BRIDGE  ] PROC | Close Reason                         -> Closing connection
15:41:42	[WARN ] [ TCT_SOCKET_BRIDGE  ] PROC | ASIO Thread Still Running, Deferring end_point Cleanup
15:41:42	[INFO ] [ TCT_SOCKET_BRIDGE  ] PROC | ASIO Thread Terminated Successfully  
15:41:42	[INFO ] [ TCT_SOCKET_BRIDGE  ] PROC | Success to Disconnection             


15:44:57	[INFO ] [ TCT_SOCKET_BRIDGE  ] PROC | Start                                
15:44:57	[INFO ] [ TCT_SOCKET_BRIDGE  ] PROC | TCT_SOCKET_BRIDGE_OPTION_CONFIG      
15:44:57	[INFO ] [ TCT_SOCKET_BRIDGE  ] PROC | Success to Client Initialization     
15:44:57	[INFO ] [ TCT_SOCKET_BRIDGE  ] PROC | Attempting to Connect Server         -> ws://127.0.0.1:5435
15:44:57	[INFO ] [ TCT_SOCKET_BRIDGE  ] PROC | TCT_SOCKET_BRIDGE_OPTION_CONFIG      
15:44:57	[INFO ] [ TCT_SOCKET_BRIDGE  ] PROC | Connection Established               
15:44:57	[INFO ] [ TCT_SOCKET_BRIDGE  ] PROC |                   Host               -> 127.0.0.1 
15:44:57	[INFO ] [ TCT_SOCKET_BRIDGE  ] PROC |                   Port               -> 5435      
15:44:57	[INFO ] [ TCT_SOCKET_BRIDGE  ] PROC | Message                              -> Success   
15:44:57	[INFO ] [ TCT_SOCKET_BRIDGE  ] PROC | Remote IP                            -> 127.0.0.1:5435
15:45:08	[INFO ] [ TCT_SOCKET_BRIDGE  ] PROC | Send Function Code                   -> SetOperationMode
15:45:08	[INFO ] [ TCT_SOCKET_BRIDGE  ] PROC | Send Data                            -> {"key_state":"manual"}
15:45:35	[INFO ] [ TCT_SOCKET_BRIDGE  ] PROC | Send Function Code                   -> SetOperationMode
15:45:35	[INFO ] [ TCT_SOCKET_BRIDGE  ] PROC | Send Data                            -> {"key_state":"manual"}
15:48:06	[INFO ] [ TCT_SOCKET_BRIDGE  ] PROC | Send Function Code                   -> SetOperationMode
15:48:06	[INFO ] [ TCT_SOCKET_BRIDGE  ] PROC | Send Data                            -> {"key_state":"manual"}
