16:05:32	[INFO ] [ TCT_SOCKET_BRIDGE  ] PROC | Send Function Code                   -> SetOperationMode
16:05:32	[INFO ] [ TCT_SOCKET_BRIDGE  ] PROC | Send Data                            -> {"key_state":"manual"}
16:05:52	[INFO ] [ TCT_SOCKET_BRIDGE  ] PROC | End                                  
16:05:52	[INFO ] [ TCT_SOCKET_BRIDGE  ] PROC | Waiting for ASIO Thread to Finish    
16:05:52	[INFO ] [ TCT_SOCKET_BRIDGE  ] PROC | Connection Closed                    
16:05:52	[INFO ] [ TCT_SOCKET_BRIDGE  ] PROC | Close Code                           -> 1000      
16:05:52	[INFO ] [ TCT_SOCKET_BRIDGE  ] PROC | Close Reason                         -> Closing connection
16:05:52	[WARN ] [ TCT_SOCKET_BRIDGE  ] PROC | ASIO Thread Still Running, Deferring end_point Cleanup
16:05:52	[INFO ] [ TCT_SOCKET_BRIDGE  ] PROC | ASIO Thread Terminated Successfully  
16:05:52	[INFO ] [ TCT_SOCKET_BRIDGE  ] PROC | Success to Disconnection             


16:45:44	[INFO ] [ TCT_SOCKET_BRIDGE  ] PROC | Start                                
16:45:44	[INFO ] [ TCT_SOCKET_BRIDGE  ] PROC | TCT_SOCKET_BRIDGE_OPTION_CONFIG      
16:45:44	[INFO ] [ TCT_SOCKET_BRIDGE  ] PROC | Success to Client Initialization     
16:45:44	[INFO ] [ TCT_SOCKET_BRIDGE  ] PROC | Attempting to Connect Server         -> ws://127.0.0.1:5435
16:45:44	[INFO ] [ TCT_SOCKET_BRIDGE  ] PROC | TCT_SOCKET_BRIDGE_OPTION_CONFIG      
16:45:44	[INFO ] [ TCT_SOCKET_BRIDGE  ] PROC | Connection Established               
16:45:44	[INFO ] [ TCT_SOCKET_BRIDGE  ] PROC |                   Host               -> 127.0.0.1 
16:45:44	[INFO ] [ TCT_SOCKET_BRIDGE  ] PROC |                   Port               -> 5435      
16:45:44	[INFO ] [ TCT_SOCKET_BRIDGE  ] PROC | Message                              -> Success   
16:45:44	[INFO ] [ TCT_SOCKET_BRIDGE  ] PROC | Remote IP                            -> 127.0.0.1:5435
16:45:53	[INFO ] [ TCT_SOCKET_BRIDGE  ] PROC | End                                  
16:45:53	[INFO ] [ TCT_SOCKET_BRIDGE  ] PROC | Connection Closed                    
16:45:53	[INFO ] [ TCT_SOCKET_BRIDGE  ] PROC | Waiting for ASIO Thread to Finish    
16:45:53	[INFO ] [ TCT_SOCKET_BRIDGE  ] PROC | Close Code                           -> 1000      
16:45:53	[INFO ] [ TCT_SOCKET_BRIDGE  ] PROC | Close Reason                         -> Closing connection
16:45:53	[WARN ] [ TCT_SOCKET_BRIDGE  ] PROC | ASIO Thread Still Running, Deferring end_point Cleanup
16:45:53	[INFO ] [ TCT_SOCKET_BRIDGE  ] PROC | ASIO Thread Terminated Successfully  
16:45:53	[INFO ] [ TCT_SOCKET_BRIDGE  ] PROC | Success to Disconnection             
