

09:05:05	[INFO ] [ TCT_SOCKET_BRIDGE  ] PROC | Start                                
09:05:05	[INFO ] [ TCT_SOCKET_BRIDGE  ] PROC | TCT_SOCKET_BRIDGE_OPTION_CONFIG      
09:05:05	[INFO ] [ TCT_SOCKET_BRIDGE  ] PROC | Success to Client Initialization     
09:05:05	[INFO ] [ TCT_SOCKET_BRIDGE  ] PROC | Attempting to Connect Server         -> ws://127.0.0.1:5435
09:05:05	[INFO ] [ TCT_SOCKET_BRIDGE  ] PROC | TCT_SOCKET_BRIDGE_OPTION_CONFIG      
09:05:05	[INFO ] [ TCT_SOCKET_BRIDGE  ] PROC | Connection Established               
09:05:05	[INFO ] [ TCT_SOCKET_BRIDGE  ] PROC |                   Host               -> 127.0.0.1 
09:05:05	[INFO ] [ TCT_SOCKET_BRIDGE  ] PROC |                   Port               -> 5435      
09:05:05	[INFO ] [ TCT_SOCKET_BRIDGE  ] PROC | Message                              -> Success   
09:05:05	[INFO ] [ TCT_SOCKET_BRIDGE  ] PROC | Remote IP                            -> 127.0.0.1:5435
09:05:05	[INFO ] [ TCT_SOCKET_BRIDGE  ] PROC | ROS Node Initialized                 
09:05:30	[INFO ] [ TCT_SOCKET_BRIDGE  ] PROC | Send Function Code                   -> SetOperationMode
09:05:30	[INFO ] [ TCT_SOCKET_BRIDGE  ] PROC | Send Data                            -> {"key_state":"stop"}
09:05:50	[INFO ] [ TCT_SOCKET_BRIDGE  ] PROC | Send Data                            -> {"key_state":"manual"}
09:06:55	[INFO ] [ TCT_SOCKET_BRIDGE  ] PROC | End                                  
09:06:55	[INFO ] [ TCT_SOCKET_BRIDGE  ] PROC | Connection Closed                    
09:06:55	[INFO ] [ TCT_SOCKET_BRIDGE  ] PROC | Waiting for ASIO Thread to Finish    
09:06:55	[INFO ] [ TCT_SOCKET_BRIDGE  ] PROC | Close Code                           -> 1000      
09:06:55	[INFO ] [ TCT_SOCKET_BRIDGE  ] PROC | Close Reason                         -> Closing connection
09:06:55	[WARN ] [ TCT_SOCKET_BRIDGE  ] PROC | ASIO Thread Still Running, Deferring end_point Cleanup
09:06:55	[INFO ] [ TCT_SOCKET_BRIDGE  ] PROC | ASIO Thread Terminated Successfully  
09:06:55	[INFO ] [ TCT_SOCKET_BRIDGE  ] PROC | Success to Disconnection             


09:07:07	[INFO ] [ TCT_SOCKET_BRIDGE  ] PROC | Start                                
09:07:07	[INFO ] [ TCT_SOCKET_BRIDGE  ] PROC | TCT_SOCKET_BRIDGE_OPTION_CONFIG      
09:07:07	[INFO ] [ TCT_SOCKET_BRIDGE  ] PROC | Success to Client Initialization     
09:07:07	[INFO ] [ TCT_SOCKET_BRIDGE  ] PROC | Attempting to Connect Server         -> ws://127.0.0.1:5435
09:07:07	[INFO ] [ TCT_SOCKET_BRIDGE  ] PROC | TCT_SOCKET_BRIDGE_OPTION_CONFIG      
09:07:07	[INFO ] [ TCT_SOCKET_BRIDGE  ] PROC | Connection Established               
09:07:07	[INFO ] [ TCT_SOCKET_BRIDGE  ] PROC |                   Host               -> 127.0.0.1 
09:07:07	[INFO ] [ TCT_SOCKET_BRIDGE  ] PROC |                   Port               -> 5435      
09:07:07	[INFO ] [ TCT_SOCKET_BRIDGE  ] PROC | Message                              -> Success   
09:07:07	[INFO ] [ TCT_SOCKET_BRIDGE  ] PROC | Remote IP                            -> 127.0.0.1:5435
09:07:07	[INFO ] [ TCT_SOCKET_BRIDGE  ] PROC | ROS Node Initialized                 
09:07:20	[INFO ] [ TCT_SOCKET_BRIDGE  ] PROC | Send Function Code                   -> SwitchToTeaching
09:07:20	[INFO ] [ TCT_SOCKET_BRIDGE  ] PROC | Send Function Code                   -> StartPathNav
09:07:20	[INFO ] [ TCT_SOCKET_BRIDGE  ] PROC | Send Data                            -> {"driving_method":"OAP","driving_option":"","goal_node_name":"target_02","is_goal_pose_a":0}
09:07:21	[WARN ] [ TCT_SOCKET_BRIDGE  ] RECV | API Failed Code                      -> -800100   
09:07:35	[INFO ] [ TCT_SOCKET_BRIDGE  ] PROC | Send Data                            -> {"driving_method":"OAP","driving_option":"","goal_node_name":"target_02","is_goal_pose_a":0}
09:07:35	[WARN ] [ TCT_SOCKET_BRIDGE  ] RECV | API Failed Code                      -> -800100   
09:08:02	[INFO ] [ TCT_SOCKET_BRIDGE  ] PROC | Send Function Code                   -> StartPathNav
09:08:02	[INFO ] [ TCT_SOCKET_BRIDGE  ] PROC | Send Data                            -> {"driving_method":"OAP","driving_option":"","goal_node_name":"target_02","is_goal_pose_a":0}
09:08:02	[WARN ] [ TCT_SOCKET_BRIDGE  ] RECV | API Failed Code                      -> -200000   
09:08:14	[INFO ] [ TCT_SOCKET_BRIDGE  ] PROC | Send Function Code                   -> StartPathNav
09:08:14	[INFO ] [ TCT_SOCKET_BRIDGE  ] PROC | Send Data                            -> {"driving_method":"OAP","driving_option":"","goal_node_name":"target_02","is_goal_pose_a":0}
09:08:14	[WARN ] [ TCT_SOCKET_BRIDGE  ] RECV | API Failed Code                      -> -200000   
09:31:49	[INFO ] [ TCT_SOCKET_BRIDGE  ] PROC | Send Function Code                   -> StartPathNav
09:31:49	[INFO ] [ TCT_SOCKET_BRIDGE  ] PROC | Send Data                            -> {"driving_method":"OAP","driving_option":"","goal_node_name":"target_02","is_goal_pose_a":0}
09:31:49	[WARN ] [ TCT_SOCKET_BRIDGE  ] RECV | API Failed Code                      -> -200000   
09:32:03	[INFO ] [ TCT_SOCKET_BRIDGE  ] PROC | Send Function Code                   -> SwitchToTeaching
09:32:14	[INFO ] [ TCT_SOCKET_BRIDGE  ] PROC | Send Function Code                   -> StartPathNav
09:32:14	[INFO ] [ TCT_SOCKET_BRIDGE  ] PROC | Send Data                            -> {"driving_method":"OAP","driving_option":"","goal_node_name":"target_02","is_goal_pose_a":0}
09:32:35	[INFO ] [ TCT_SOCKET_BRIDGE  ] PROC | Send Function Code                   -> StartPathNav
09:32:35	[INFO ] [ TCT_SOCKET_BRIDGE  ] PROC | Send Data                            -> {"driving_method":"OAP","driving_option":"","goal_node_name":"target_03","is_goal_pose_a":0}
09:32:56	[INFO ] [ TCT_SOCKET_BRIDGE  ] PROC | Send Function Code                   -> StartPathNav
09:32:56	[INFO ] [ TCT_SOCKET_BRIDGE  ] PROC | Send Data                            -> {"driving_method":"OAP","driving_option":"","goal_node_name":"target_02","is_goal_pose_a":0}
09:33:28	[INFO ] [ TCT_SOCKET_BRIDGE  ] PROC | Send Function Code                   -> StartPathNav
09:33:28	[INFO ] [ TCT_SOCKET_BRIDGE  ] PROC | Send Data                            -> {"driving_method":"OAP","driving_option":"","goal_node_name":"target_01","is_goal_pose_a":0}
09:33:57	[INFO ] [ TCT_SOCKET_BRIDGE  ] PROC | Send Function Code                   -> StartPathNav
09:33:57	[INFO ] [ TCT_SOCKET_BRIDGE  ] PROC | Send Data                            -> {"driving_method":"OAP","driving_option":"","goal_node_name":"target_02","is_goal_pose_a":0}
