

10:24:36	[INFO ] [ TCT_SOCKET_BRIDGE  ] PROC | Start                                
10:24:36	[INFO ] [ TCT_SOCKET_BRIDGE  ] PROC | TCT_SOCKET_BRIDGE_OPTION_CONFIG      
10:24:36	[INFO ] [ TCT_SOCKET_BRIDGE  ] PROC | Success to Client Initialization     
10:24:36	[INFO ] [ TCT_SOCKET_BRIDGE  ] PROC | Attempting to Connect Server         -> ws://127.0.0.1:5435
10:24:36	[INFO ] [ TCT_SOCKET_BRIDGE  ] PROC | TCT_SOCKET_BRIDGE_OPTION_CONFIG      
10:24:36	[INFO ] [ TCT_SOCKET_BRIDGE  ] PROC | Connection Established               
10:24:36	[INFO ] [ TCT_SOCKET_BRIDGE  ] PROC |                   Host               -> 127.0.0.1 
10:24:36	[INFO ] [ TCT_SOCKET_BRIDGE  ] PROC |                   Port               -> 5435      
10:24:36	[INFO ] [ TCT_SOCKET_BRIDGE  ] PROC | Message                              -> Success   
10:24:36	[INFO ] [ TCT_SOCKET_BRIDGE  ] PROC | Remote IP                            -> 127.0.0.1:5435
10:24:36	[INFO ] [ TCT_SOCKET_BRIDGE  ] PROC | ROS Node Initialized                 
10:25:42	[INFO ] [ TCT_SOCKET_BRIDGE  ] PROC | End                                  
10:25:42	[INFO ] [ TCT_SOCKET_BRIDGE  ] PROC | Waiting for ASIO Thread to Finish    
10:25:42	[INFO ] [ TCT_SOCKET_BRIDGE  ] PROC | Connection Closed                    
10:25:42	[INFO ] [ TCT_SOCKET_BRIDGE  ] PROC | Close Code                           -> 1000      
10:25:42	[INFO ] [ TCT_SOCKET_BRIDGE  ] PROC | Close Reason                         -> Closing connection
10:25:42	[WARN ] [ TCT_SOCKET_BRIDGE  ] PROC | ASIO Thread Still Running, Deferring end_point Cleanup
10:25:42	[INFO ] [ TCT_SOCKET_BRIDGE  ] PROC | ASIO Thread Terminated Successfully  
10:25:42	[INFO ] [ TCT_SOCKET_BRIDGE  ] PROC | Success to Disconnection             


10:26:36	[INFO ] [ TCT_SOCKET_BRIDGE  ] PROC | Start                                
10:26:36	[INFO ] [ TCT_SOCKET_BRIDGE  ] PROC | TCT_SOCKET_BRIDGE_OPTION_CONFIG      
10:26:36	[INFO ] [ TCT_SOCKET_BRIDGE  ] PROC | Success to Client Initialization     
10:26:36	[INFO ] [ TCT_SOCKET_BRIDGE  ] PROC | Attempting to Connect Server         -> ws://127.0.0.1:5435
10:26:36	[INFO ] [ TCT_SOCKET_BRIDGE  ] PROC | TCT_SOCKET_BRIDGE_OPTION_CONFIG      
10:26:36	[INFO ] [ TCT_SOCKET_BRIDGE  ] PROC | Connection Established               
10:26:36	[INFO ] [ TCT_SOCKET_BRIDGE  ] PROC |                   Host               -> 127.0.0.1 
10:26:36	[INFO ] [ TCT_SOCKET_BRIDGE  ] PROC |                   Port               -> 5435      
10:26:36	[INFO ] [ TCT_SOCKET_BRIDGE  ] PROC | Message                              -> Success   
10:26:36	[INFO ] [ TCT_SOCKET_BRIDGE  ] PROC | Remote IP                            -> 127.0.0.1:5435
10:26:36	[INFO ] [ TCT_SOCKET_BRIDGE  ] PROC | ROS Node Initialized                 
10:26:43	[INFO ] [ TCT_SOCKET_BRIDGE  ] PROC | End                                  
10:26:43	[INFO ] [ TCT_SOCKET_BRIDGE  ] PROC | Connection Closed                    
10:26:43	[INFO ] [ TCT_SOCKET_BRIDGE  ] PROC | Waiting for ASIO Thread to Finish    
10:26:43	[INFO ] [ TCT_SOCKET_BRIDGE  ] PROC | Close Code                           -> 1000      
10:26:43	[INFO ] [ TCT_SOCKET_BRIDGE  ] PROC | Close Reason                         -> Closing connection
10:26:43	[WARN ] [ TCT_SOCKET_BRIDGE  ] PROC | ASIO Thread Still Running, Deferring end_point Cleanup
10:26:43	[INFO ] [ TCT_SOCKET_BRIDGE  ] PROC | ASIO Thread Terminated Successfully  
10:26:43	[INFO ] [ TCT_SOCKET_BRIDGE  ] PROC | Success to Disconnection             
