

14:12:25	[INFO ] [ TCT_SOCKET_BRIDGE  ] PROC | Start                                
14:12:25	[INFO ] [ TCT_SOCKET_BRIDGE  ] PROC | TCT_SOCKET_BRIDGE_OPTION_CONFIG      
14:12:25	[INFO ] [ TCT_SOCKET_BRIDGE  ] PROC | Success to Client Initialization     
14:12:25	[INFO ] [ TCT_SOCKET_BRIDGE  ] PROC | TCT_SOCKET_BRIDGE_OPTION_CONFIG      
14:12:25	[INFO ] [ TCT_SOCKET_BRIDGE  ] PROC | Attempting to Connect Server         -> ws://127.0.0.1:5435
14:12:25	[INFO ] [ TCT_SOCKET_BRIDGE  ] PROC | ROS Node Initialized                 
14:12:25	[INFO ] [ TCT_SOCKET_BRIDGE  ] PROC | Connection Established               
14:12:25	[INFO ] [ TCT_SOCKET_BRIDGE  ] PROC |                   Host               -> 127.0.0.1 
14:12:25	[INFO ] [ TCT_SOCKET_BRIDGE  ] PROC |                   Port               -> 5435      
14:12:25	[INFO ] [ TCT_SOCKET_BRIDGE  ] PROC | Message                              -> Success   
14:12:25	[INFO ] [ TCT_SOCKET_BRIDGE  ] PROC | Remote IP                            -> 127.0.0.1:5435
14:12:32	[INFO ] [ TCT_SOCKET_BRIDGE  ] PROC | Send Function Code                   -> SetOperationMode
14:12:32	[INFO ] [ TCT_SOCKET_BRIDGE  ] PROC | Send Data                            -> {"key_state":"manual"}
14:12:41	[INFO ] [ TCT_SOCKET_BRIDGE  ] PROC | Send Function Code                   -> SwitchToJog
14:12:50	[INFO ] [ TCT_SOCKET_BRIDGE  ] PROC | press 'w', 'a', 's', 'd' to control jog
14:12:52	[INFO ] [ TCT_SOCKET_BRIDGE  ] PROC | Send Function Code                   -> ControlJog
14:12:52	[INFO ] [ TCT_SOCKET_BRIDGE  ] PROC | Send Data                            -> {"input_type":"button","motion_type":"forward","speed_level":"low"}
14:12:53	[INFO ] [ TCT_SOCKET_BRIDGE  ] PROC | Send Function Code                   -> ControlJog
14:12:53	[INFO ] [ TCT_SOCKET_BRIDGE  ] PROC | Send Data                            -> {"input_type":"button","motion_type":"forward","speed_level":"low"}
14:12:53	[INFO ] [ TCT_SOCKET_BRIDGE  ] PROC | Send Function Code                   -> ControlJog
14:12:53	[INFO ] [ TCT_SOCKET_BRIDGE  ] PROC | Send Data                            -> {"input_type":"button","motion_type":"forward","speed_level":"low"}
14:12:53	[INFO ] [ TCT_SOCKET_BRIDGE  ] PROC | Send Function Code                   -> ControlJog
14:12:53	[INFO ] [ TCT_SOCKET_BRIDGE  ] PROC | Send Data                            -> {"input_type":"button","motion_type":"forward","speed_level":"low"}
14:12:53	[INFO ] [ TCT_SOCKET_BRIDGE  ] PROC | Send Function Code                   -> ControlJog
14:12:53	[INFO ] [ TCT_SOCKET_BRIDGE  ] PROC | Send Data                            -> {"input_type":"button","motion_type":"forward","speed_level":"low"}
14:12:53	[INFO ] [ TCT_SOCKET_BRIDGE  ] PROC | Send Function Code                   -> ControlJog
14:12:53	[INFO ] [ TCT_SOCKET_BRIDGE  ] PROC | Send Data                            -> {"input_type":"button","motion_type":"forward","speed_level":"low"}
14:12:53	[INFO ] [ TCT_SOCKET_BRIDGE  ] PROC | Send Data                            -> {"input_type":"button","motion_type":"forward","speed_level":"low"}
14:12:53	[INFO ] [ TCT_SOCKET_BRIDGE  ] PROC | Send Function Code                   -> ControlJog
14:12:53	[INFO ] [ TCT_SOCKET_BRIDGE  ] PROC | Send Data                            -> {"input_type":"button","motion_type":"forward","speed_level":"low"}
14:12:53	[INFO ] [ TCT_SOCKET_BRIDGE  ] PROC | Send Function Code                   -> ControlJog
14:12:53	[INFO ] [ TCT_SOCKET_BRIDGE  ] PROC | Send Data                            -> {"input_type":"button","motion_type":"forward","speed_level":"low"}
14:12:53	[INFO ] [ TCT_SOCKET_BRIDGE  ] PROC | Send Function Code                   -> ControlJog
14:12:53	[INFO ] [ TCT_SOCKET_BRIDGE  ] PROC | Send Data                            -> {"input_type":"button","motion_type":"forward","speed_level":"low"}
14:12:53	[INFO ] [ TCT_SOCKET_BRIDGE  ] PROC | Send Function Code                   -> ControlJog
14:12:53	[INFO ] [ TCT_SOCKET_BRIDGE  ] PROC | Send Data                            -> {"input_type":"button","motion_type":"forward","speed_level":"low"}
14:12:53	[INFO ] [ TCT_SOCKET_BRIDGE  ] PROC | Send Function Code                   -> ControlJog
14:12:53	[INFO ] [ TCT_SOCKET_BRIDGE  ] PROC | Send Data                            -> {"input_type":"button","motion_type":"forward","speed_level":"low"}
14:12:53	[INFO ] [ TCT_SOCKET_BRIDGE  ] PROC | Send Function Code                   -> ControlJog
14:12:53	[INFO ] [ TCT_SOCKET_BRIDGE  ] PROC | Send Data                            -> {"input_type":"button","motion_type":"forward","speed_level":"low"}
14:12:53	[INFO ] [ TCT_SOCKET_BRIDGE  ] PROC | Send Function Code                   -> ControlJog
14:12:53	[INFO ] [ TCT_SOCKET_BRIDGE  ] PROC | Send Data                            -> {"input_type":"button","motion_type":"forward","speed_level":"low"}
14:12:53	[INFO ] [ TCT_SOCKET_BRIDGE  ] PROC | Send Function Code                   -> ControlJog
14:12:53	[INFO ] [ TCT_SOCKET_BRIDGE  ] PROC | Send Data                            -> {"input_type":"button","motion_type":"forward","speed_level":"low"}
14:12:53	[INFO ] [ TCT_SOCKET_BRIDGE  ] PROC | Send Function Code                   -> ControlJog
14:12:53	[INFO ] [ TCT_SOCKET_BRIDGE  ] PROC | Send Data                            -> {"input_type":"button","motion_type":"forward","speed_level":"low"}
14:12:53	[INFO ] [ TCT_SOCKET_BRIDGE  ] PROC | Send Function Code                   -> ControlJog
14:12:53	[INFO ] [ TCT_SOCKET_BRIDGE  ] PROC | Send Data                            -> {"input_type":"button","motion_type":"forward","speed_level":"low"}
14:12:53	[INFO ] [ TCT_SOCKET_BRIDGE  ] PROC | Send Function Code                   -> ControlJog
14:12:53	[INFO ] [ TCT_SOCKET_BRIDGE  ] PROC | Send Data                            -> {"input_type":"button","motion_type":"forward","speed_level":"low"}
14:12:53	[INFO ] [ TCT_SOCKET_BRIDGE  ] PROC | Send Function Code                   -> ControlJog
14:12:53	[INFO ] [ TCT_SOCKET_BRIDGE  ] PROC | Send Data                            -> {"input_type":"button","motion_type":"forward","speed_level":"low"}
14:12:53	[INFO ] [ TCT_SOCKET_BRIDGE  ] PROC | Send Function Code                   -> ControlJog
14:12:53	[INFO ] [ TCT_SOCKET_BRIDGE  ] PROC | Send Data                            -> {"input_type":"button","motion_type":"forward","speed_level":"low"}
14:12:53	[INFO ] [ TCT_SOCKET_BRIDGE  ] PROC | Send Function Code                   -> ControlJog
14:12:53	[INFO ] [ TCT_SOCKET_BRIDGE  ] PROC | Send Data                            -> {"input_type":"button","motion_type":"forward","speed_level":"low"}
14:12:53	[INFO ] [ TCT_SOCKET_BRIDGE  ] PROC | Send Data                            -> {"input_type":"button","motion_type":"forward","speed_level":"low"}
14:12:54	[INFO ] [ TCT_SOCKET_BRIDGE  ] PROC | Send Function Code                   -> ControlJog
14:12:54	[INFO ] [ TCT_SOCKET_BRIDGE  ] PROC | Send Data                            -> {"input_type":"button","motion_type":"forward","speed_level":"low"}
14:12:54	[INFO ] [ TCT_SOCKET_BRIDGE  ] PROC | Send Function Code                   -> ControlJog
14:12:54	[INFO ] [ TCT_SOCKET_BRIDGE  ] PROC | Send Data                            -> {"input_type":"button","motion_type":"forward","speed_level":"low"}
14:12:54	[INFO ] [ TCT_SOCKET_BRIDGE  ] PROC | Send Function Code                   -> ControlJog
14:12:54	[INFO ] [ TCT_SOCKET_BRIDGE  ] PROC | Send Data                            -> {"input_type":"button","motion_type":"forward","speed_level":"low"}
14:12:54	[INFO ] [ TCT_SOCKET_BRIDGE  ] PROC | Send Function Code                   -> ControlJog
14:12:54	[INFO ] [ TCT_SOCKET_BRIDGE  ] PROC | Send Data                            -> {"input_type":"button","motion_type":"forward","speed_level":"low"}
14:12:54	[INFO ] [ TCT_SOCKET_BRIDGE  ] PROC | Send Function Code                   -> ControlJog
14:12:54	[INFO ] [ TCT_SOCKET_BRIDGE  ] PROC | Send Data                            -> {"input_type":"button","motion_type":"forward","speed_level":"low"}
14:12:54	[INFO ] [ TCT_SOCKET_BRIDGE  ] PROC | Send Function Code                   -> ControlJog
14:12:54	[INFO ] [ TCT_SOCKET_BRIDGE  ] PROC | Send Data                            -> {"input_type":"button","motion_type":"forward","speed_level":"low"}
14:12:54	[INFO ] [ TCT_SOCKET_BRIDGE  ] PROC | Send Function Code                   -> ControlJog
14:12:54	[INFO ] [ TCT_SOCKET_BRIDGE  ] PROC | Send Data                            -> {"input_type":"button","motion_type":"forward","speed_level":"low"}
14:12:54	[INFO ] [ TCT_SOCKET_BRIDGE  ] PROC | Send Function Code                   -> ControlJog
14:12:54	[INFO ] [ TCT_SOCKET_BRIDGE  ] PROC | Send Data                            -> {"input_type":"button","motion_type":"forward","speed_level":"low"}
14:12:54	[INFO ] [ TCT_SOCKET_BRIDGE  ] PROC | Send Function Code                   -> ControlJog
14:12:54	[INFO ] [ TCT_SOCKET_BRIDGE  ] PROC | Send Data                            -> {"input_type":"button","motion_type":"forward","speed_level":"low"}
14:12:54	[INFO ] [ TCT_SOCKET_BRIDGE  ] PROC | Send Function Code                   -> ControlJog
14:12:54	[INFO ] [ TCT_SOCKET_BRIDGE  ] PROC | Send Data                            -> {"input_type":"button","motion_type":"forward","speed_level":"low"}
14:12:54	[INFO ] [ TCT_SOCKET_BRIDGE  ] PROC | Send Function Code                   -> ControlJog
14:12:54	[INFO ] [ TCT_SOCKET_BRIDGE  ] PROC | Send Data                            -> {"input_type":"button","motion_type":"forward","speed_level":"low"}
14:12:54	[INFO ] [ TCT_SOCKET_BRIDGE  ] PROC | Send Function Code                   -> ControlJog
14:12:54	[INFO ] [ TCT_SOCKET_BRIDGE  ] PROC | Send Data                            -> {"input_type":"button","motion_type":"forward","speed_level":"low"}
14:12:54	[INFO ] [ TCT_SOCKET_BRIDGE  ] PROC | Send Function Code                   -> ControlJog
14:12:54	[INFO ] [ TCT_SOCKET_BRIDGE  ] PROC | Send Data                            -> {"input_type":"button","motion_type":"forward","speed_level":"low"}
14:12:54	[INFO ] [ TCT_SOCKET_BRIDGE  ] PROC | Send Data                            -> {"input_type":"button","motion_type":"forward","speed_level":"low"}
14:12:54	[INFO ] [ TCT_SOCKET_BRIDGE  ] PROC | Send Function Code                   -> ControlJog
14:12:54	[INFO ] [ TCT_SOCKET_BRIDGE  ] PROC | Send Data                            -> {"input_type":"button","motion_type":"forward","speed_level":"low"}
14:12:54	[INFO ] [ TCT_SOCKET_BRIDGE  ] PROC | Send Function Code                   -> ControlJog
14:12:54	[INFO ] [ TCT_SOCKET_BRIDGE  ] PROC | Send Data                            -> {"input_type":"button","motion_type":"forward","speed_level":"low"}
14:12:54	[INFO ] [ TCT_SOCKET_BRIDGE  ] PROC | Send Function Code                   -> ControlJog
14:12:54	[INFO ] [ TCT_SOCKET_BRIDGE  ] PROC | Send Data                            -> {"input_type":"button","motion_type":"forward","speed_level":"low"}
14:12:54	[INFO ] [ TCT_SOCKET_BRIDGE  ] PROC | Send Function Code                   -> ControlJog
14:12:54	[INFO ] [ TCT_SOCKET_BRIDGE  ] PROC | Send Data                            -> {"input_type":"button","motion_type":"forward","speed_level":"low"}
14:12:54	[INFO ] [ TCT_SOCKET_BRIDGE  ] PROC | Send Function Code                   -> ControlJog
14:12:54	[INFO ] [ TCT_SOCKET_BRIDGE  ] PROC | Send Data                            -> {"input_type":"button","motion_type":"forward","speed_level":"low"}
14:12:54	[INFO ] [ TCT_SOCKET_BRIDGE  ] PROC | Send Function Code                   -> ControlJog
14:12:54	[INFO ] [ TCT_SOCKET_BRIDGE  ] PROC | Send Data                            -> {"input_type":"button","motion_type":"forward","speed_level":"low"}
14:12:54	[INFO ] [ TCT_SOCKET_BRIDGE  ] PROC | Send Function Code                   -> ControlJog
14:12:54	[INFO ] [ TCT_SOCKET_BRIDGE  ] PROC | Send Data                            -> {"input_type":"button","motion_type":"forward","speed_level":"low"}
14:12:54	[INFO ] [ TCT_SOCKET_BRIDGE  ] PROC | Send Function Code                   -> ControlJog
14:12:54	[INFO ] [ TCT_SOCKET_BRIDGE  ] PROC | Send Data                            -> {"input_type":"button","motion_type":"forward","speed_level":"low"}
14:12:54	[INFO ] [ TCT_SOCKET_BRIDGE  ] PROC | Send Function Code                   -> ControlJog
14:12:54	[INFO ] [ TCT_SOCKET_BRIDGE  ] PROC | Send Data                            -> {"input_type":"button","motion_type":"forward","speed_level":"low"}
14:12:54	[INFO ] [ TCT_SOCKET_BRIDGE  ] PROC | Send Function Code                   -> ControlJog
14:12:54	[INFO ] [ TCT_SOCKET_BRIDGE  ] PROC | Send Data                            -> {"input_type":"button","motion_type":"forward","speed_level":"low"}
14:12:54	[INFO ] [ TCT_SOCKET_BRIDGE  ] PROC | Send Function Code                   -> ControlJog
14:12:54	[INFO ] [ TCT_SOCKET_BRIDGE  ] PROC | Send Data                            -> {"input_type":"button","motion_type":"forward","speed_level":"low"}
14:12:54	[INFO ] [ TCT_SOCKET_BRIDGE  ] PROC | Send Function Code                   -> ControlJog
14:12:54	[INFO ] [ TCT_SOCKET_BRIDGE  ] PROC | Send Data                            -> {"input_type":"button","motion_type":"forward","speed_level":"low"}
14:12:54	[INFO ] [ TCT_SOCKET_BRIDGE  ] PROC | Send Function Code                   -> ControlJog
14:12:54	[INFO ] [ TCT_SOCKET_BRIDGE  ] PROC | Send Data                            -> {"input_type":"button","motion_type":"forward","speed_level":"low"}
14:12:54	[INFO ] [ TCT_SOCKET_BRIDGE  ] PROC | Send Function Code                   -> ControlJog
14:12:54	[INFO ] [ TCT_SOCKET_BRIDGE  ] PROC | Send Data                            -> {"input_type":"button","motion_type":"forward","speed_level":"low"}
14:12:54	[INFO ] [ TCT_SOCKET_BRIDGE  ] PROC | Send Function Code                   -> ControlJog
14:12:54	[INFO ] [ TCT_SOCKET_BRIDGE  ] PROC | Send Data                            -> {"input_type":"button","motion_type":"forward","speed_level":"low"}
14:12:54	[INFO ] [ TCT_SOCKET_BRIDGE  ] PROC | Send Function Code                   -> ControlJog
14:12:54	[INFO ] [ TCT_SOCKET_BRIDGE  ] PROC | Send Data                            -> {"input_type":"button","motion_type":"forward","speed_level":"low"}
14:12:55	[INFO ] [ TCT_SOCKET_BRIDGE  ] PROC | Send Function Code                   -> ControlJog
14:12:55	[INFO ] [ TCT_SOCKET_BRIDGE  ] PROC | Send Data                            -> {"input_type":"button","motion_type":"forward","speed_level":"low"}
14:12:55	[INFO ] [ TCT_SOCKET_BRIDGE  ] PROC | Send Function Code                   -> ControlJog
14:12:55	[INFO ] [ TCT_SOCKET_BRIDGE  ] PROC | Send Data                            -> {"input_type":"button","motion_type":"forward","speed_level":"low"}
14:12:55	[INFO ] [ TCT_SOCKET_BRIDGE  ] PROC | Send Function Code                   -> ControlJog
14:12:55	[INFO ] [ TCT_SOCKET_BRIDGE  ] PROC | Send Data                            -> {"input_type":"button","motion_type":"forward","speed_level":"low"}
14:12:55	[INFO ] [ TCT_SOCKET_BRIDGE  ] PROC | Send Function Code                   -> ControlJog
14:12:55	[INFO ] [ TCT_SOCKET_BRIDGE  ] PROC | Send Data                            -> {"input_type":"button","motion_type":"forward","speed_level":"low"}
14:12:55	[INFO ] [ TCT_SOCKET_BRIDGE  ] PROC | Send Function Code                   -> ControlJog
14:12:55	[INFO ] [ TCT_SOCKET_BRIDGE  ] PROC | Send Data                            -> {"input_type":"button","motion_type":"forward","speed_level":"low"}
14:12:55	[INFO ] [ TCT_SOCKET_BRIDGE  ] PROC | Send Function Code                   -> ControlJog
14:12:55	[INFO ] [ TCT_SOCKET_BRIDGE  ] PROC | Send Data                            -> {"input_type":"button","motion_type":"forward","speed_level":"low"}
14:12:55	[INFO ] [ TCT_SOCKET_BRIDGE  ] PROC | Send Function Code                   -> ControlJog
14:12:55	[INFO ] [ TCT_SOCKET_BRIDGE  ] PROC | Send Data                            -> {"input_type":"button","motion_type":"forward","speed_level":"low"}
14:12:55	[INFO ] [ TCT_SOCKET_BRIDGE  ] PROC | Send Function Code                   -> ControlJog
14:12:55	[INFO ] [ TCT_SOCKET_BRIDGE  ] PROC | Send Data                            -> {"input_type":"button","motion_type":"forward","speed_level":"low"}
14:12:55	[INFO ] [ TCT_SOCKET_BRIDGE  ] PROC | Send Function Code                   -> ControlJog
14:12:55	[INFO ] [ TCT_SOCKET_BRIDGE  ] PROC | Send Data                            -> {"input_type":"button","motion_type":"forward","speed_level":"low"}
14:12:55	[INFO ] [ TCT_SOCKET_BRIDGE  ] PROC | Send Function Code                   -> ControlJog
14:12:55	[INFO ] [ TCT_SOCKET_BRIDGE  ] PROC | Send Data                            -> {"input_type":"button","motion_type":"forward","speed_level":"low"}
14:12:55	[INFO ] [ TCT_SOCKET_BRIDGE  ] PROC | Send Function Code                   -> ControlJog
14:12:55	[INFO ] [ TCT_SOCKET_BRIDGE  ] PROC | Send Data                            -> {"input_type":"button","motion_type":"forward","speed_level":"low"}
14:12:55	[INFO ] [ TCT_SOCKET_BRIDGE  ] PROC | Send Function Code                   -> ControlJog
14:12:55	[INFO ] [ TCT_SOCKET_BRIDGE  ] PROC | Send Data                            -> {"input_type":"button","motion_type":"forward","speed_level":"low"}
14:12:55	[INFO ] [ TCT_SOCKET_BRIDGE  ] PROC | Send Data                            -> {"input_type":"button","motion_type":"forward","speed_level":"low"}
14:12:55	[INFO ] [ TCT_SOCKET_BRIDGE  ] PROC | Send Function Code                   -> ControlJog
14:12:55	[INFO ] [ TCT_SOCKET_BRIDGE  ] PROC | Send Data                            -> {"input_type":"button","motion_type":"forward","speed_level":"low"}
14:12:55	[INFO ] [ TCT_SOCKET_BRIDGE  ] PROC | Send Function Code                   -> ControlJog
14:12:55	[INFO ] [ TCT_SOCKET_BRIDGE  ] PROC | Send Data                            -> {"input_type":"button","motion_type":"forward","speed_level":"low"}
14:12:55	[INFO ] [ TCT_SOCKET_BRIDGE  ] PROC | Send Function Code                   -> ControlJog
14:12:55	[INFO ] [ TCT_SOCKET_BRIDGE  ] PROC | Send Data                            -> {"input_type":"button","motion_type":"forward","speed_level":"low"}
14:12:55	[INFO ] [ TCT_SOCKET_BRIDGE  ] PROC | Send Function Code                   -> ControlJog
14:12:55	[INFO ] [ TCT_SOCKET_BRIDGE  ] PROC | Send Data                            -> {"input_type":"button","motion_type":"forward","speed_level":"low"}
14:12:55	[INFO ] [ TCT_SOCKET_BRIDGE  ] PROC | Send Function Code                   -> ControlJog
14:12:55	[INFO ] [ TCT_SOCKET_BRIDGE  ] PROC | Send Data                            -> {"input_type":"button","motion_type":"forward","speed_level":"low"}
14:12:55	[INFO ] [ TCT_SOCKET_BRIDGE  ] PROC | Send Function Code                   -> ControlJog
14:12:55	[INFO ] [ TCT_SOCKET_BRIDGE  ] PROC | Send Data                            -> {"input_type":"button","motion_type":"forward","speed_level":"low"}
14:12:55	[INFO ] [ TCT_SOCKET_BRIDGE  ] PROC | Send Function Code                   -> ControlJog
14:12:55	[INFO ] [ TCT_SOCKET_BRIDGE  ] PROC | Send Data                            -> {"input_type":"button","motion_type":"forward","speed_level":"low"}
14:12:55	[INFO ] [ TCT_SOCKET_BRIDGE  ] PROC | Send Data                            -> {"input_type":"button","motion_type":"forward","speed_level":"low"}
14:12:55	[INFO ] [ TCT_SOCKET_BRIDGE  ] PROC | Send Function Code                   -> ControlJog
14:12:55	[INFO ] [ TCT_SOCKET_BRIDGE  ] PROC | Send Data                            -> {"input_type":"button","motion_type":"forward","speed_level":"low"}
14:12:55	[INFO ] [ TCT_SOCKET_BRIDGE  ] PROC | Send Function Code                   -> ControlJog
14:12:55	[INFO ] [ TCT_SOCKET_BRIDGE  ] PROC | Send Data                            -> {"input_type":"button","motion_type":"forward","speed_level":"low"}
14:12:55	[INFO ] [ TCT_SOCKET_BRIDGE  ] PROC | Send Function Code                   -> ControlJog
14:12:55	[INFO ] [ TCT_SOCKET_BRIDGE  ] PROC | Send Data                            -> {"input_type":"button","motion_type":"forward","speed_level":"low"}
14:12:55	[INFO ] [ TCT_SOCKET_BRIDGE  ] PROC | Send Function Code                   -> ControlJog
14:12:55	[INFO ] [ TCT_SOCKET_BRIDGE  ] PROC | Send Data                            -> {"input_type":"button","motion_type":"forward","speed_level":"low"}
14:12:55	[INFO ] [ TCT_SOCKET_BRIDGE  ] PROC | Send Function Code                   -> ControlJog
14:12:55	[INFO ] [ TCT_SOCKET_BRIDGE  ] PROC | Send Data                            -> {"input_type":"button","motion_type":"forward","speed_level":"low"}
14:12:55	[INFO ] [ TCT_SOCKET_BRIDGE  ] PROC | Send Function Code                   -> ControlJog
14:12:55	[INFO ] [ TCT_SOCKET_BRIDGE  ] PROC | Send Data                            -> {"input_type":"button","motion_type":"forward","speed_level":"low"}
14:12:55	[INFO ] [ TCT_SOCKET_BRIDGE  ] PROC | Send Function Code                   -> ControlJog
14:12:55	[INFO ] [ TCT_SOCKET_BRIDGE  ] PROC | Send Data                            -> {"input_type":"button","motion_type":"forward","speed_level":"low"}
14:12:55	[INFO ] [ TCT_SOCKET_BRIDGE  ] PROC | Send Function Code                   -> ControlJog
14:12:55	[INFO ] [ TCT_SOCKET_BRIDGE  ] PROC | Send Data                            -> {"input_type":"button","motion_type":"forward","speed_level":"low"}
14:12:55	[INFO ] [ TCT_SOCKET_BRIDGE  ] PROC | Send Function Code                   -> ControlJog
14:12:55	[INFO ] [ TCT_SOCKET_BRIDGE  ] PROC | Send Data                            -> {"input_type":"button","motion_type":"forward","speed_level":"low"}
14:12:56	[INFO ] [ TCT_SOCKET_BRIDGE  ] PROC | Send Function Code                   -> ControlJog
14:12:56	[INFO ] [ TCT_SOCKET_BRIDGE  ] PROC | Send Data                            -> {"input_type":"button","motion_type":"forward","speed_level":"low"}
14:12:56	[INFO ] [ TCT_SOCKET_BRIDGE  ] PROC | Send Function Code                   -> ControlJog
14:12:56	[INFO ] [ TCT_SOCKET_BRIDGE  ] PROC | Send Data                            -> {"input_type":"button","motion_type":"forward","speed_level":"low"}
14:12:56	[INFO ] [ TCT_SOCKET_BRIDGE  ] PROC | Send Function Code                   -> ControlJog
14:12:56	[INFO ] [ TCT_SOCKET_BRIDGE  ] PROC | Send Data                            -> {"input_type":"button","motion_type":"forward","speed_level":"low"}
14:12:56	[INFO ] [ TCT_SOCKET_BRIDGE  ] PROC | Send Function Code                   -> ControlJog
14:12:56	[INFO ] [ TCT_SOCKET_BRIDGE  ] PROC | Send Data                            -> {"input_type":"button","motion_type":"forward","speed_level":"low"}
14:12:56	[INFO ] [ TCT_SOCKET_BRIDGE  ] PROC | Send Function Code                   -> ControlJog
14:12:56	[INFO ] [ TCT_SOCKET_BRIDGE  ] PROC | Send Data                            -> {"input_type":"button","motion_type":"forward","speed_level":"low"}
14:12:56	[INFO ] [ TCT_SOCKET_BRIDGE  ] PROC | Send Function Code                   -> ControlJog
14:12:56	[INFO ] [ TCT_SOCKET_BRIDGE  ] PROC | Send Data                            -> {"input_type":"button","motion_type":"forward","speed_level":"low"}
14:12:56	[INFO ] [ TCT_SOCKET_BRIDGE  ] PROC | Send Function Code                   -> ControlJog
14:12:56	[INFO ] [ TCT_SOCKET_BRIDGE  ] PROC | Send Data                            -> {"input_type":"button","motion_type":"forward","speed_level":"low"}
14:12:56	[INFO ] [ TCT_SOCKET_BRIDGE  ] PROC | Send Function Code                   -> ControlJog
14:12:56	[INFO ] [ TCT_SOCKET_BRIDGE  ] PROC | Send Data                            -> {"input_type":"button","motion_type":"forward","speed_level":"low"}
14:12:56	[INFO ] [ TCT_SOCKET_BRIDGE  ] PROC | Send Function Code                   -> ControlJog
14:12:56	[INFO ] [ TCT_SOCKET_BRIDGE  ] PROC | Send Data                            -> {"input_type":"button","motion_type":"forward","speed_level":"low"}
14:12:56	[INFO ] [ TCT_SOCKET_BRIDGE  ] PROC | Send Function Code                   -> ControlJog
14:12:56	[INFO ] [ TCT_SOCKET_BRIDGE  ] PROC | Send Data                            -> {"input_type":"button","motion_type":"forward","speed_level":"low"}
14:12:58	[INFO ] [ TCT_SOCKET_BRIDGE  ] PROC | Send Function Code                   -> ControlJog
14:12:58	[INFO ] [ TCT_SOCKET_BRIDGE  ] PROC | Send Data                            -> null      
14:12:58	[INFO ] [ TCT_SOCKET_BRIDGE  ] PROC | Send Function Code                   -> ControlJog
14:12:58	[INFO ] [ TCT_SOCKET_BRIDGE  ] PROC | Send Data                            -> null      
14:12:58	[WARN ] [ TCT_SOCKET_BRIDGE  ] RECV | API Failed Code                      -> -100002   
14:12:58	[WARN ] [ TCT_SOCKET_BRIDGE  ] RECV | API Failed Code                      -> -100002   
14:12:59	[INFO ] [ TCT_SOCKET_BRIDGE  ] PROC | Send Function Code                   -> ControlJog
14:12:59	[INFO ] [ TCT_SOCKET_BRIDGE  ] PROC | Send Data                            -> null      
14:12:59	[WARN ] [ TCT_SOCKET_BRIDGE  ] RECV | API Failed Code                      -> -100002   
14:12:59	[INFO ] [ TCT_SOCKET_BRIDGE  ] PROC | Send Data                            -> null      
14:12:59	[WARN ] [ TCT_SOCKET_BRIDGE  ] RECV | API Failed Code                      -> -100002   
14:13:00	[INFO ] [ TCT_SOCKET_BRIDGE  ] PROC | Send Function Code                   -> ControlJog
14:13:00	[INFO ] [ TCT_SOCKET_BRIDGE  ] PROC | Send Data                            -> null      
14:13:00	[WARN ] [ TCT_SOCKET_BRIDGE  ] RECV | API Failed Code                      -> -100002   
14:13:01	[INFO ] [ TCT_SOCKET_BRIDGE  ] PROC | End                                  
14:13:01	[INFO ] [ TCT_SOCKET_BRIDGE  ] PROC | Waiting for ASIO Thread to Finish    
14:13:01	[INFO ] [ TCT_SOCKET_BRIDGE  ] PROC | Close Code                           -> 1000      
14:13:01	[INFO ] [ TCT_SOCKET_BRIDGE  ] PROC | Close Reason                         -> Closing connection
14:13:01	[WARN ] [ TCT_SOCKET_BRIDGE  ] PROC | ASIO Thread Still Running, Deferring end_point Cleanup
14:13:01	[INFO ] [ TCT_SOCKET_BRIDGE  ] PROC | ASIO Thread Terminated Successfully  
14:13:01	[INFO ] [ TCT_SOCKET_BRIDGE  ] PROC | Success to Disconnection             


14:24:24	[INFO ] [ TCT_SOCKET_BRIDGE  ] PROC | Start                                
14:24:24	[INFO ] [ TCT_SOCKET_BRIDGE  ] PROC | TCT_SOCKET_BRIDGE_OPTION_CONFIG      
14:24:24	[INFO ] [ TCT_SOCKET_BRIDGE  ] PROC | Success to Client Initialization     
14:24:24	[INFO ] [ TCT_SOCKET_BRIDGE  ] PROC | Attempting to Connect Server         -> ws://127.0.0.1:5435
14:24:24	[INFO ] [ TCT_SOCKET_BRIDGE  ] PROC | TCT_SOCKET_BRIDGE_OPTION_CONFIG      
14:24:24	[INFO ] [ TCT_SOCKET_BRIDGE  ] PROC | Connection Established               
14:24:24	[INFO ] [ TCT_SOCKET_BRIDGE  ] PROC |                   Host               -> 127.0.0.1 
14:24:24	[INFO ] [ TCT_SOCKET_BRIDGE  ] PROC |                   Port               -> 5435      
14:24:24	[INFO ] [ TCT_SOCKET_BRIDGE  ] PROC | Message                              -> Success   
14:24:24	[INFO ] [ TCT_SOCKET_BRIDGE  ] PROC | Remote IP                            -> 127.0.0.1:5435
14:24:24	[INFO ] [ TCT_SOCKET_BRIDGE  ] PROC | ROS Node Initialized                 
14:25:17	[INFO ] [ TCT_SOCKET_BRIDGE  ] PROC | End                                  
14:25:17	[INFO ] [ TCT_SOCKET_BRIDGE  ] PROC | Waiting for ASIO Thread to Finish    
14:25:17	[INFO ] [ TCT_SOCKET_BRIDGE  ] PROC | Connection Closed                    
14:25:17	[INFO ] [ TCT_SOCKET_BRIDGE  ] PROC | Close Code                           -> 1000      
14:25:17	[INFO ] [ TCT_SOCKET_BRIDGE  ] PROC | Close Reason                         -> Closing connection
14:25:17	[WARN ] [ TCT_SOCKET_BRIDGE  ] PROC | ASIO Thread Still Running, Deferring end_point Cleanup
14:25:17	[INFO ] [ TCT_SOCKET_BRIDGE  ] PROC | ASIO Thread Terminated Successfully  
14:25:17	[INFO ] [ TCT_SOCKET_BRIDGE  ] PROC | Success to Disconnection             
