

10:30:36	[INFO ] [ TCT_SOCKET_BRIDGE  ] PROC | Start                                
10:30:36	[INFO ] [ TCT_SOCKET_BRIDGE  ] PROC | TCT_SOCKET_BRIDGE_OPTION_CONFIG      
10:30:36	[INFO ] [ TCT_SOCKET_BRIDGE  ] PROC | Success to Client Initialization     
10:30:36	[INFO ] [ TCT_SOCKET_BRIDGE  ] PROC | Attempting to Connect Server         -> ws://127.0.0.1:5435
10:30:36	[INFO ] [ TCT_SOCKET_BRIDGE  ] PROC | TCT_SOCKET_BRIDGE_OPTION_CONFIG      
10:30:36	[INFO ] [ TCT_SOCKET_BRIDGE  ] PROC | Connection Established               
10:30:36	[INFO ] [ TCT_SOCKET_BRIDGE  ] PROC |                   Host               -> 127.0.0.1 
10:30:36	[INFO ] [ TCT_SOCKET_BRIDGE  ] PROC |                   Port               -> 5435      
10:30:36	[INFO ] [ TCT_SOCKET_BRIDGE  ] PROC | Message                              -> Success   
10:30:36	[INFO ] [ TCT_SOCKET_BRIDGE  ] PROC | Remote IP                            -> 127.0.0.1:5435
10:30:46	[INFO ] [ TCT_SOCKET_BRIDGE  ] HW   | robot_hw_switch_ems_status           -> ON        
10:30:46	[INFO ] [ TCT_SOCKET_BRIDGE  ] HW   | robot_hw_switch_key_status           -> UNKNOWN   
10:30:46	[INFO ] [ TCT_SOCKET_BRIDGE  ] HW   | robot_hw_switch_reset_status         -> UNKNOWN   
10:30:46	[INFO ] [ TCT_SOCKET_BRIDGE  ] HW   | robot_hw_switch_start_stop_status    -> UNKNOWN   
10:30:46	[INFO ] [ TCT_SOCKET_BRIDGE  ] HW   | robot_is_charging_status             -> ON        
10:30:46	[INFO ] [ TCT_SOCKET_BRIDGE  ] HW   | robot_is_sensor_stable_depth_front   -> UNKNOWN   
10:30:46	[INFO ] [ TCT_SOCKET_BRIDGE  ] HW   | robot_is_sensor_stable_depth_rear    -> UNKNOWN   
10:30:46	[INFO ] [ TCT_SOCKET_BRIDGE  ] HW   | robot_is_sensor_stable_imu           -> STABLE    
10:30:46	[INFO ] [ TCT_SOCKET_BRIDGE  ] HW   | robot_is_sensor_stable_lidar_3d      -> STABLE    
10:30:46	[INFO ] [ TCT_SOCKET_BRIDGE  ] HW   | robot_is_sensor_stable_lidar_front   -> STABLE    
10:30:46	[INFO ] [ TCT_SOCKET_BRIDGE  ] HW   | robot_is_sensor_stable_lidar_rear    -> STABLE    
10:30:46	[INFO ] [ TCT_SOCKET_BRIDGE  ] HW   | robot_is_sensor_stable_motor         -> STABLE    
10:30:46	[INFO ] [ TCT_SOCKET_BRIDGE  ] HW   | robot_is_sensor_stable_tof           -> UNKNOWN   
10:53:11	[INFO ] [ TCT_SOCKET_BRIDGE  ] PROC | End                                  
10:53:11	[INFO ] [ TCT_SOCKET_BRIDGE  ] PROC | Connection Closed                    
10:53:11	[INFO ] [ TCT_SOCKET_BRIDGE  ] PROC | Waiting for ASIO Thread to Finish    
10:53:11	[INFO ] [ TCT_SOCKET_BRIDGE  ] PROC | Close Code                           -> 1000      
10:53:11	[INFO ] [ TCT_SOCKET_BRIDGE  ] PROC | Close Reason                         -> Closing connection
10:53:11	[WARN ] [ TCT_SOCKET_BRIDGE  ] PROC | ASIO Thread Still Running, Deferring end_point Cleanup
10:53:11	[INFO ] [ TCT_SOCKET_BRIDGE  ] PROC | ASIO Thread Terminated Successfully  
10:53:11	[INFO ] [ TCT_SOCKET_BRIDGE  ] PROC | Success to Disconnection             
