

16:53:43	[INFO ] [ TCT_SOCKET_BRIDGE  ] PROC | Start                                
16:53:43	[INFO ] [ TCT_SOCKET_BRIDGE  ] PROC | TCT_SOCKET_BRIDGE_OPTION_CONFIG      
16:53:43	[INFO ] [ TCT_SOCKET_BRIDGE  ] PROC | Success to Client Initialization     
16:53:43	[INFO ] [ TCT_SOCKET_BRIDGE  ] PROC | Attempting to Connect Server         -> ws://127.0.0.1:5435
16:53:43	[INFO ] [ TCT_SOCKET_BRIDGE  ] PROC | TCT_SOCKET_BRIDGE_OPTION_CONFIG      
16:53:43	[INFO ] [ TCT_SOCKET_BRIDGE  ] PROC | Connection Established               
16:53:43	[INFO ] [ TCT_SOCKET_BRIDGE  ] PROC |                   Host               -> 127.0.0.1 
16:53:43	[INFO ] [ TCT_SOCKET_BRIDGE  ] PROC |                   Port               -> 5435      
16:53:43	[INFO ] [ TCT_SOCKET_BRIDGE  ] PROC | Message                              -> Success   
16:53:43	[INFO ] [ TCT_SOCKET_BRIDGE  ] PROC | Remote IP                            -> 127.0.0.1:5435
16:53:43	[INFO ] [ TCT_SOCKET_BRIDGE  ] PROC | ROS Node Initialized                 
16:55:39	[INFO ] [ TCT_SOCKET_BRIDGE  ] PROC | Send Data                            -> {"key_state":"manual"}
16:56:06	[INFO ] [ TCT_SOCKET_BRIDGE  ] PROC | Send Function Code                   -> SetOperationMode
16:56:06	[INFO ] [ TCT_SOCKET_BRIDGE  ] PROC | Send Data                            -> {"key_state":"manual"}
16:57:51	[INFO ] [ TCT_SOCKET_BRIDGE  ] PROC | Send Function Code                   -> SetOperationMode
16:57:51	[INFO ] [ TCT_SOCKET_BRIDGE  ] PROC | Send Data                            -> {"key_state":"stop"}
16:58:02	[INFO ] [ TCT_SOCKET_BRIDGE  ] PROC | Send Function Code                   -> SetOperationMode
16:58:02	[INFO ] [ TCT_SOCKET_BRIDGE  ] PROC | Send Data                            -> {"key_state":"auto"}
16:58:14	[INFO ] [ TCT_SOCKET_BRIDGE  ] PROC | Send Function Code                   -> SetOperationMode
16:58:14	[INFO ] [ TCT_SOCKET_BRIDGE  ] PROC | Send Data                            -> {"key_state":"stop"}
16:59:14	[INFO ] [ TCT_SOCKET_BRIDGE  ] PROC | End                                  
16:59:14	[INFO ] [ TCT_SOCKET_BRIDGE  ] PROC | Waiting for ASIO Thread to Finish    
16:59:14	[INFO ] [ TCT_SOCKET_BRIDGE  ] PROC | Close Code                           -> 1000      
16:59:14	[INFO ] [ TCT_SOCKET_BRIDGE  ] PROC | Close Reason                         -> Closing connection
16:59:14	[WARN ] [ TCT_SOCKET_BRIDGE  ] PROC | ASIO Thread Still Running, Deferring end_point Cleanup
16:59:14	[INFO ] [ TCT_SOCKET_BRIDGE  ] PROC | ASIO Thread Terminated Successfully  
16:59:14	[INFO ] [ TCT_SOCKET_BRIDGE  ] PROC | Success to Disconnection             
