

17:27:39	[INFO ] [ TCT_SOCKET_BRIDGE  ] PROC | Start                                
17:27:39	[INFO ] [ TCT_SOCKET_BRIDGE  ] PROC | TCT_SOCKET_BRIDGE_OPTION_CONFIG      
17:27:39	[INFO ] [ TCT_SOCKET_BRIDGE  ] PROC | Success to Client Initialization     
17:27:39	[INFO ] [ TCT_SOCKET_BRIDGE  ] PROC | TCT_SOCKET_BRIDGE_OPTION_CONFIG      
17:27:39	[INFO ] [ TCT_SOCKET_BRIDGE  ] PROC | Attempting to Connect Server         -> ws://127.0.0.1:5435
17:27:39	[INFO ] [ TCT_SOCKET_BRIDGE  ] PROC | Connection Established               
17:27:39	[INFO ] [ TCT_SOCKET_BRIDGE  ] PROC |                   Host               -> 127.0.0.1 
17:27:39	[INFO ] [ TCT_SOCKET_BRIDGE  ] PROC |                   Port               -> 5435      
17:27:39	[INFO ] [ TCT_SOCKET_BRIDGE  ] PROC | Message                              -> Success   
17:27:39	[INFO ] [ TCT_SOCKET_BRIDGE  ] PROC | Remote IP                            -> 127.0.0.1:5435
17:27:39	[INFO ] [ TCT_SOCKET_BRIDGE  ] PROC | ROS Node Initialized                 
17:27:49	[INFO ] [ TCT_SOCKET_BRIDGE  ] PROC | End                                  
17:27:49	[INFO ] [ TCT_SOCKET_BRIDGE  ] PROC | Connection Closed                    
17:27:49	[INFO ] [ TCT_SOCKET_BRIDGE  ] PROC | Waiting for ASIO Thread to Finish    
17:27:49	[INFO ] [ TCT_SOCKET_BRIDGE  ] PROC | Close Code                           -> 1000      
17:27:49	[INFO ] [ TCT_SOCKET_BRIDGE  ] PROC | Close Reason                         -> Closing connection
17:27:49	[WARN ] [ TCT_SOCKET_BRIDGE  ] PROC | ASIO Thread Still Running, Deferring end_point Cleanup
17:27:49	[INFO ] [ TCT_SOCKET_BRIDGE  ] PROC | ASIO Thread Terminated Successfully  
17:27:49	[INFO ] [ TCT_SOCKET_BRIDGE  ] PROC | Success to Disconnection             


17:27:50	[INFO ] [ TCT_SOCKET_BRIDGE  ] PROC | Start                                
17:27:50	[INFO ] [ TCT_SOCKET_BRIDGE  ] PROC | TCT_SOCKET_BRIDGE_OPTION_CONFIG      
17:27:50	[INFO ] [ TCT_SOCKET_BRIDGE  ] PROC | Success to Client Initialization     
17:27:50	[INFO ] [ TCT_SOCKET_BRIDGE  ] PROC | Attempting to Connect Server         -> ws://127.0.0.1:5435
17:27:50	[INFO ] [ TCT_SOCKET_BRIDGE  ] PROC | TCT_SOCKET_BRIDGE_OPTION_CONFIG      
17:27:50	[INFO ] [ TCT_SOCKET_BRIDGE  ] PROC | Connection Established               
17:27:50	[INFO ] [ TCT_SOCKET_BRIDGE  ] PROC |                   Host               -> 127.0.0.1 
17:27:50	[INFO ] [ TCT_SOCKET_BRIDGE  ] PROC |                   Port               -> 5435      
17:27:50	[INFO ] [ TCT_SOCKET_BRIDGE  ] PROC | Message                              -> Success   
17:27:50	[INFO ] [ TCT_SOCKET_BRIDGE  ] PROC | Remote IP                            -> 127.0.0.1:5435
17:27:50	[INFO ] [ TCT_SOCKET_BRIDGE  ] PROC | ROS Node Initialized                 


17:28:11	[INFO ] [ TCT_SOCKET_BRIDGE  ] PROC | Start                                
17:28:11	[INFO ] [ TCT_SOCKET_BRIDGE  ] PROC | TCT_SOCKET_BRIDGE_OPTION_CONFIG      
17:28:11	[INFO ] [ TCT_SOCKET_BRIDGE  ] PROC | Success to Client Initialization     
17:28:11	[INFO ] [ TCT_SOCKET_BRIDGE  ] PROC | Attempting to Connect Server         -> ws://127.0.0.1:5435
17:28:11	[INFO ] [ TCT_SOCKET_BRIDGE  ] PROC | TCT_SOCKET_BRIDGE_OPTION_CONFIG      
17:28:11	[INFO ] [ TCT_SOCKET_BRIDGE  ] PROC | Connection Established               
17:28:11	[INFO ] [ TCT_SOCKET_BRIDGE  ] PROC |                   Host               -> 127.0.0.1 
17:28:11	[INFO ] [ TCT_SOCKET_BRIDGE  ] PROC |                   Port               -> 5435      
17:28:11	[INFO ] [ TCT_SOCKET_BRIDGE  ] PROC | Message                              -> Success   
17:28:11	[INFO ] [ TCT_SOCKET_BRIDGE  ] PROC | Remote IP                            -> 127.0.0.1:5435
17:28:11	[INFO ] [ TCT_SOCKET_BRIDGE  ] PROC | ROS Node Initialized                 
17:28:30	[INFO ] [ TCT_SOCKET_BRIDGE  ] PROC | End                                  
17:28:30	[INFO ] [ TCT_SOCKET_BRIDGE  ] PROC | Connection Closed                    
17:28:30	[INFO ] [ TCT_SOCKET_BRIDGE  ] PROC | Waiting for ASIO Thread to Finish    
17:28:30	[INFO ] [ TCT_SOCKET_BRIDGE  ] PROC | Close Code                           -> 1000      
17:28:30	[INFO ] [ TCT_SOCKET_BRIDGE  ] PROC | Close Reason                         -> Closing connection
17:28:30	[WARN ] [ TCT_SOCKET_BRIDGE  ] PROC | ASIO Thread Still Running, Deferring end_point Cleanup
17:28:30	[INFO ] [ TCT_SOCKET_BRIDGE  ] PROC | ASIO Thread Terminated Successfully  
17:28:30	[INFO ] [ TCT_SOCKET_BRIDGE  ] PROC | Success to Disconnection             
17:28:36	[INFO ] [ TCT_SOCKET_BRIDGE  ] PROC | End                                  
17:28:37	[INFO ] [ TCT_SOCKET_BRIDGE  ] PROC | Waiting for ASIO Thread to Finish    
17:28:37	[INFO ] [ TCT_SOCKET_BRIDGE  ] PROC | Connection Closed                    
17:28:37	[INFO ] [ TCT_SOCKET_BRIDGE  ] PROC | Close Code                           -> 1000      
17:28:37	[INFO ] [ TCT_SOCKET_BRIDGE  ] PROC | Close Reason                         -> Closing connection
17:28:37	[WARN ] [ TCT_SOCKET_BRIDGE  ] PROC | ASIO Thread Still Running, Deferring end_point Cleanup
17:28:37	[INFO ] [ TCT_SOCKET_BRIDGE  ] PROC | ASIO Thread Terminated Successfully  
17:28:37	[INFO ] [ TCT_SOCKET_BRIDGE  ] PROC | Success to Disconnection             


17:33:19	[INFO ] [ TCT_SOCKET_BRIDGE  ] PROC | Start                                
17:33:19	[INFO ] [ TCT_SOCKET_BRIDGE  ] PROC | TCT_SOCKET_BRIDGE_OPTION_CONFIG      
17:33:19	[INFO ] [ TCT_SOCKET_BRIDGE  ] PROC | Success to Client Initialization     
17:33:19	[INFO ] [ TCT_SOCKET_BRIDGE  ] PROC | TCT_SOCKET_BRIDGE_OPTION_CONFIG      
17:33:19	[INFO ] [ TCT_SOCKET_BRIDGE  ] PROC | Attempting to Connect Server         -> ws://127.0.0.1:5435
17:33:19	[INFO ] [ TCT_SOCKET_BRIDGE  ] PROC | Connection Established               
17:33:19	[INFO ] [ TCT_SOCKET_BRIDGE  ] PROC |                   Host               -> 127.0.0.1 
17:33:19	[INFO ] [ TCT_SOCKET_BRIDGE  ] PROC |                   Port               -> 5435      
17:33:19	[INFO ] [ TCT_SOCKET_BRIDGE  ] PROC | Message                              -> Success   
17:33:19	[INFO ] [ TCT_SOCKET_BRIDGE  ] PROC | Remote IP                            -> 127.0.0.1:5435
17:33:19	[INFO ] [ TCT_SOCKET_BRIDGE  ] PROC | ROS Node Initialized                 
17:35:02	[INFO ] [ TCT_SOCKET_BRIDGE  ] PROC | End                                  
17:35:03	[INFO ] [ TCT_SOCKET_BRIDGE  ] PROC | Waiting for ASIO Thread to Finish    
17:35:03	[INFO ] [ TCT_SOCKET_BRIDGE  ] PROC | Connection Closed                    
17:35:03	[INFO ] [ TCT_SOCKET_BRIDGE  ] PROC | Close Code                           -> 1000      
17:35:03	[INFO ] [ TCT_SOCKET_BRIDGE  ] PROC | Close Reason                         -> Closing connection
17:35:03	[WARN ] [ TCT_SOCKET_BRIDGE  ] PROC | ASIO Thread Still Running, Deferring end_point Cleanup
17:35:03	[INFO ] [ TCT_SOCKET_BRIDGE  ] PROC | ASIO Thread Terminated Successfully  
17:35:03	[INFO ] [ TCT_SOCKET_BRIDGE  ] PROC | Success to Disconnection             
